<?xml version="1.0" encoding="UTF-8"?>
<robot generator="Robot 4.0.1 (Python 3.9.2 on win32)" generated="20210508 03:45:56.536" rpa="false" schemaversion="2">
<suite id="s1" name="TestRun" source="C:\Users\kim_z\PycharmProjects\Question2\TestRun.robot">
<test id="s1-t1" name="Scenario1_Flow">
<kw name="Open Browser" library="SeleniumLibrary" type="SETUP">
<arg>https://abhigyank.github.io/To-Do-List/</arg>
<arg>chrome</arg>
<doc>Opens a new browser instance to the optional ``url``.</doc>
<msg timestamp="20210508 03:45:56.776" level="INFO">Opening browser 'chrome' to base url 'https://abhigyank.github.io/To-Do-List/'.</msg>
<status status="PASS" starttime="20210508 03:45:56.776" endtime="20210508 03:45:58.342"/>
</kw>
<kw name="Add Item" library="AddItemScenario">
<var>${input}</var>
<arg>Addscenario1</arg>
<kw name="Maximize Browser Window" library="SeleniumLibrary">
<doc>Maximizes current browser window.</doc>
<status status="PASS" starttime="20210508 03:45:58.343" endtime="20210508 03:45:58.459"/>
</kw>
<kw name="Set Selenium Timeout" library="SeleniumLibrary">
<arg>20</arg>
<doc>Sets the timeout that is used by various keywords.</doc>
<status status="PASS" starttime="20210508 03:45:58.459" endtime="20210508 03:45:58.460"/>
</kw>
<kw name="Set Selenium Speed" library="SeleniumLibrary">
<arg>1</arg>
<doc>Sets the delay that is waited after each Selenium command.</doc>
<status status="PASS" starttime="20210508 03:45:58.460" endtime="20210508 03:45:58.461"/>
</kw>
<kw name="Click Single Action" library="Common">
<arg>xpath://a[@href='#add-item']//span[@class='mdl-tabs__ripple-container mdl-js-ripple-effect']</arg>
<kw name="Wait Until Page Contains Element" library="SeleniumLibrary">
<arg>${pathItem}</arg>
<doc>Waits until the element ``locator`` appears on the current page.</doc>
<status status="PASS" starttime="20210508 03:45:58.461" endtime="20210508 03:45:59.471"/>
</kw>
<kw name="Click Element" library="SeleniumLibrary">
<arg>${pathItem}</arg>
<doc>Click the element identified by ``locator``.</doc>
<msg timestamp="20210508 03:45:59.471" level="INFO">Clicking element 'xpath://a[@href='#add-item']//span[@class='mdl-tabs__ripple-container mdl-js-ripple-effect']'.</msg>
<status status="PASS" starttime="20210508 03:45:59.471" endtime="20210508 03:46:01.534"/>
</kw>
<status status="PASS" starttime="20210508 03:45:58.461" endtime="20210508 03:46:01.534"/>
</kw>
<kw name="Wait Until Page Contains Element" library="SeleniumLibrary">
<arg>xpath://input[@class='mdl-textfield__input']</arg>
<doc>Waits until the element ``locator`` appears on the current page.</doc>
<status status="PASS" starttime="20210508 03:46:01.534" endtime="20210508 03:46:02.550"/>
</kw>
<kw name="Input Text" library="SeleniumLibrary">
<arg>xpath://input[@class='mdl-textfield__input']</arg>
<arg>${input}</arg>
<doc>Types the given ``text`` into the text field identified by ``locator``.</doc>
<msg timestamp="20210508 03:46:02.550" level="INFO">Typing text 'Addscenario1' into text field 'xpath://input[@class='mdl-textfield__input']'.</msg>
<status status="PASS" starttime="20210508 03:46:02.550" endtime="20210508 03:46:05.640"/>
</kw>
<kw name="Click Single Action" library="Common">
<arg>xpath://button[@class='mdl-button mdl-js-button mdl-button--fab mdl-button--mini-fab mdl-button--colored']</arg>
<kw name="Wait Until Page Contains Element" library="SeleniumLibrary">
<arg>${pathItem}</arg>
<doc>Waits until the element ``locator`` appears on the current page.</doc>
<status status="PASS" starttime="20210508 03:46:05.640" endtime="20210508 03:46:06.651"/>
</kw>
<kw name="Click Element" library="SeleniumLibrary">
<arg>${pathItem}</arg>
<doc>Click the element identified by ``locator``.</doc>
<msg timestamp="20210508 03:46:06.651" level="INFO">Clicking element 'xpath://button[@class='mdl-button mdl-js-button mdl-button--fab mdl-button--mini-fab mdl-button--colored']'.</msg>
<status status="PASS" starttime="20210508 03:46:06.651" endtime="20210508 03:46:08.687"/>
</kw>
<status status="PASS" starttime="20210508 03:46:05.640" endtime="20210508 03:46:08.687"/>
</kw>
<kw name="Return From Keyword" library="BuiltIn">
<arg>${input}</arg>
<doc>Returns from the enclosing user keyword.</doc>
<msg timestamp="20210508 03:46:08.687" level="INFO">Returning from the enclosing user keyword.</msg>
<status status="PASS" starttime="20210508 03:46:08.687" endtime="20210508 03:46:08.687"/>
</kw>
<msg timestamp="20210508 03:46:08.688" level="INFO">${input} = Addscenario1</msg>
<status status="PASS" starttime="20210508 03:45:58.342" endtime="20210508 03:46:08.688"/>
</kw>
<kw name="Set Global Variable" library="BuiltIn">
<arg>${input}</arg>
<doc>Makes a variable available globally in all tests and suites.</doc>
<msg timestamp="20210508 03:46:08.688" level="INFO">${input} = Addscenario1</msg>
<status status="PASS" starttime="20210508 03:46:08.688" endtime="20210508 03:46:08.688"/>
</kw>
<kw name="Validate Item was added" library="AddItemScenario">
<arg>${input}</arg>
<arg>//*[@id="text-_Replace_" and text()='_Replace2_']</arg>
<kw name="Click Single Action" library="Common">
<arg>xpath://a[@href='#todo']//span[@class='mdl-tabs__ripple-container mdl-js-ripple-effect']</arg>
<kw name="Wait Until Page Contains Element" library="SeleniumLibrary">
<arg>${pathItem}</arg>
<doc>Waits until the element ``locator`` appears on the current page.</doc>
<status status="PASS" starttime="20210508 03:46:08.689" endtime="20210508 03:46:09.707"/>
</kw>
<kw name="Click Element" library="SeleniumLibrary">
<arg>${pathItem}</arg>
<doc>Click the element identified by ``locator``.</doc>
<msg timestamp="20210508 03:46:09.707" level="INFO">Clicking element 'xpath://a[@href='#todo']//span[@class='mdl-tabs__ripple-container mdl-js-ripple-effect']'.</msg>
<status status="PASS" starttime="20210508 03:46:09.707" endtime="20210508 03:46:11.753"/>
</kw>
<status status="PASS" starttime="20210508 03:46:08.689" endtime="20210508 03:46:11.753"/>
</kw>
<kw name="Search Text" library="Common">
<var>${result}</var>
<arg>${pathText}</arg>
<arg>${newItemName}</arg>
<arg>50</arg>
<kw name="Set Selenium Speed" library="SeleniumLibrary">
<arg>0</arg>
<doc>Sets the delay that is waited after each Selenium command.</doc>
<status status="PASS" starttime="20210508 03:46:11.754" endtime="20210508 03:46:11.754"/>
</kw>
<kw name="Set Selenium Timeout" library="SeleniumLibrary">
<arg>5</arg>
<doc>Sets the timeout that is used by various keywords.</doc>
<status status="PASS" starttime="20210508 03:46:11.754" endtime="20210508 03:46:11.756"/>
</kw>
<kw name="Set Variable" library="BuiltIn">
<var>${value}</var>
<arg>1</arg>
<doc>Returns the given values which can then be assigned to a variables.</doc>
<msg timestamp="20210508 03:46:11.756" level="INFO">${value} = 1</msg>
<status status="PASS" starttime="20210508 03:46:11.756" endtime="20210508 03:46:11.756"/>
</kw>
<kw name="Convert To Integer" library="BuiltIn">
<var>${value}</var>
<arg>${value}</arg>
<doc>Converts the given item to an integer number.</doc>
<msg timestamp="20210508 03:46:11.757" level="INFO">${value} = 1</msg>
<status status="PASS" starttime="20210508 03:46:11.756" endtime="20210508 03:46:11.757"/>
</kw>
<for flavor="IN RANGE">
<var>${value}</var>
<value>1</value>
<value>${iteration}</value>
<iter>
<var name="${value}">1</var>
<kw name="Convert To String" library="BuiltIn">
<var>${index}</var>
<arg>${value}</arg>
<doc>Converts the given item to a Unicode string.</doc>
<msg timestamp="20210508 03:46:11.757" level="INFO">${index} = 1</msg>
<status status="PASS" starttime="20210508 03:46:11.757" endtime="20210508 03:46:11.757"/>
</kw>
<kw name="Replace String" library="String">
<var>${string}</var>
<arg>${pathPatterns}</arg>
<arg>_Replace_</arg>
<arg>${index}</arg>
<doc>Replaces ``search_for`` in the given ``string`` with ``replace_with``.</doc>
<msg timestamp="20210508 03:46:11.758" level="INFO">${string} = //*[@id="text-1" and text()='_Replace2_']</msg>
<status status="PASS" starttime="20210508 03:46:11.757" endtime="20210508 03:46:11.758"/>
</kw>
<kw name="Replace String" library="String">
<var>${string}</var>
<arg>${string}</arg>
<arg>_Replace2_</arg>
<arg>${expectedValue}</arg>
<doc>Replaces ``search_for`` in the given ``string`` with ``replace_with``.</doc>
<msg timestamp="20210508 03:46:11.758" level="INFO">${string} = //*[@id="text-1" and text()='Addscenario1']</msg>
<status status="PASS" starttime="20210508 03:46:11.758" endtime="20210508 03:46:11.758"/>
</kw>
<kw name="Get Element Count" library="SeleniumLibrary">
<var>${count_target}</var>
<arg>${string}</arg>
<doc>Returns the number of elements matching ``locator``.</doc>
<msg timestamp="20210508 03:46:11.767" level="INFO">${count_target} = 1</msg>
<status status="PASS" starttime="20210508 03:46:11.758" endtime="20210508 03:46:11.767"/>
</kw>
<kw name="Evaluate" library="BuiltIn">
<var>${result}</var>
<arg>"${count_target}" == "1"</arg>
<doc>Evaluates the given expression in Python and returns the result.</doc>
<msg timestamp="20210508 03:46:11.767" level="INFO">${result} = True</msg>
<status status="PASS" starttime="20210508 03:46:11.767" endtime="20210508 03:46:11.767"/>
</kw>
<kw name="Exit For Loop If" library="BuiltIn">
<arg>"${result}" == "True"</arg>
<doc>Stops executing the enclosing for loop if the ``condition`` is true.</doc>
<msg timestamp="20210508 03:46:11.768" level="INFO">Exiting for loop altogether.</msg>
<status status="PASS" starttime="20210508 03:46:11.767" endtime="20210508 03:46:11.768"/>
</kw>
<status status="PASS" starttime="20210508 03:46:11.757" endtime="20210508 03:46:11.768"/>
</iter>
<status status="PASS" starttime="20210508 03:46:11.757" endtime="20210508 03:46:11.768"/>
</for>
<kw name="Return From Keyword" library="BuiltIn">
<arg>${result}</arg>
<doc>Returns from the enclosing user keyword.</doc>
<msg timestamp="20210508 03:46:11.768" level="INFO">Returning from the enclosing user keyword.</msg>
<status status="PASS" starttime="20210508 03:46:11.768" endtime="20210508 03:46:11.768"/>
</kw>
<msg timestamp="20210508 03:46:11.768" level="INFO">${result} = True</msg>
<status status="PASS" starttime="20210508 03:46:11.753" endtime="20210508 03:46:11.768"/>
</kw>
<kw name="Should Be True" library="BuiltIn">
<arg>${result}</arg>
<doc>Fails if the given condition is not true.</doc>
<status status="PASS" starttime="20210508 03:46:11.769" endtime="20210508 03:46:11.769"/>
</kw>
<status status="PASS" starttime="20210508 03:46:08.688" endtime="20210508 03:46:11.769"/>
</kw>
<kw name="Close Browser" library="SeleniumLibrary" type="TEARDOWN">
<doc>Closes the current browser.</doc>
<status status="PASS" starttime="20210508 03:46:11.770" endtime="20210508 03:46:13.875"/>
</kw>
<status status="PASS" starttime="20210508 03:45:56.775" endtime="20210508 03:46:13.875"/>
</test>
<test id="s1-t2" name="Scenario2_Flow">
<kw name="Open Browser" library="SeleniumLibrary" type="SETUP">
<arg>https://abhigyank.github.io/To-Do-List/</arg>
<arg>chrome</arg>
<doc>Opens a new browser instance to the optional ``url``.</doc>
<msg timestamp="20210508 03:46:13.877" level="INFO">Opening browser 'chrome' to base url 'https://abhigyank.github.io/To-Do-List/'.</msg>
<status status="PASS" starttime="20210508 03:46:13.877" endtime="20210508 03:46:15.413"/>
</kw>
<kw name="Add Item" library="AddItemScenario">
<var>${input}</var>
<arg>Addscenario2</arg>
<kw name="Maximize Browser Window" library="SeleniumLibrary">
<doc>Maximizes current browser window.</doc>
<status status="PASS" starttime="20210508 03:46:15.413" endtime="20210508 03:46:15.528"/>
</kw>
<kw name="Set Selenium Timeout" library="SeleniumLibrary">
<arg>20</arg>
<doc>Sets the timeout that is used by various keywords.</doc>
<status status="PASS" starttime="20210508 03:46:15.528" endtime="20210508 03:46:15.529"/>
</kw>
<kw name="Set Selenium Speed" library="SeleniumLibrary">
<arg>1</arg>
<doc>Sets the delay that is waited after each Selenium command.</doc>
<status status="PASS" starttime="20210508 03:46:15.529" endtime="20210508 03:46:15.530"/>
</kw>
<kw name="Click Single Action" library="Common">
<arg>xpath://a[@href='#add-item']//span[@class='mdl-tabs__ripple-container mdl-js-ripple-effect']</arg>
<kw name="Wait Until Page Contains Element" library="SeleniumLibrary">
<arg>${pathItem}</arg>
<doc>Waits until the element ``locator`` appears on the current page.</doc>
<status status="PASS" starttime="20210508 03:46:15.530" endtime="20210508 03:46:16.551"/>
</kw>
<kw name="Click Element" library="SeleniumLibrary">
<arg>${pathItem}</arg>
<doc>Click the element identified by ``locator``.</doc>
<msg timestamp="20210508 03:46:16.551" level="INFO">Clicking element 'xpath://a[@href='#add-item']//span[@class='mdl-tabs__ripple-container mdl-js-ripple-effect']'.</msg>
<status status="PASS" starttime="20210508 03:46:16.551" endtime="20210508 03:46:18.612"/>
</kw>
<status status="PASS" starttime="20210508 03:46:15.530" endtime="20210508 03:46:18.612"/>
</kw>
<kw name="Wait Until Page Contains Element" library="SeleniumLibrary">
<arg>xpath://input[@class='mdl-textfield__input']</arg>
<doc>Waits until the element ``locator`` appears on the current page.</doc>
<status status="PASS" starttime="20210508 03:46:18.612" endtime="20210508 03:46:19.632"/>
</kw>
<kw name="Input Text" library="SeleniumLibrary">
<arg>xpath://input[@class='mdl-textfield__input']</arg>
<arg>${input}</arg>
<doc>Types the given ``text`` into the text field identified by ``locator``.</doc>
<msg timestamp="20210508 03:46:19.632" level="INFO">Typing text 'Addscenario2' into text field 'xpath://input[@class='mdl-textfield__input']'.</msg>
<status status="PASS" starttime="20210508 03:46:19.632" endtime="20210508 03:46:22.714"/>
</kw>
<kw name="Click Single Action" library="Common">
<arg>xpath://button[@class='mdl-button mdl-js-button mdl-button--fab mdl-button--mini-fab mdl-button--colored']</arg>
<kw name="Wait Until Page Contains Element" library="SeleniumLibrary">
<arg>${pathItem}</arg>
<doc>Waits until the element ``locator`` appears on the current page.</doc>
<status status="PASS" starttime="20210508 03:46:22.714" endtime="20210508 03:46:23.727"/>
</kw>
<kw name="Click Element" library="SeleniumLibrary">
<arg>${pathItem}</arg>
<doc>Click the element identified by ``locator``.</doc>
<msg timestamp="20210508 03:46:23.727" level="INFO">Clicking element 'xpath://button[@class='mdl-button mdl-js-button mdl-button--fab mdl-button--mini-fab mdl-button--colored']'.</msg>
<status status="PASS" starttime="20210508 03:46:23.727" endtime="20210508 03:46:25.776"/>
</kw>
<status status="PASS" starttime="20210508 03:46:22.714" endtime="20210508 03:46:25.776"/>
</kw>
<kw name="Return From Keyword" library="BuiltIn">
<arg>${input}</arg>
<doc>Returns from the enclosing user keyword.</doc>
<msg timestamp="20210508 03:46:25.776" level="INFO">Returning from the enclosing user keyword.</msg>
<status status="PASS" starttime="20210508 03:46:25.776" endtime="20210508 03:46:25.776"/>
</kw>
<msg timestamp="20210508 03:46:25.777" level="INFO">${input} = Addscenario2</msg>
<status status="PASS" starttime="20210508 03:46:15.413" endtime="20210508 03:46:25.777"/>
</kw>
<kw name="Set Global Variable" library="BuiltIn">
<arg>${input}</arg>
<doc>Makes a variable available globally in all tests and suites.</doc>
<msg timestamp="20210508 03:46:25.777" level="INFO">${input} = Addscenario2</msg>
<status status="PASS" starttime="20210508 03:46:25.777" endtime="20210508 03:46:25.777"/>
</kw>
<kw name="Validate Item was added" library="AddItemScenario">
<arg>${input}</arg>
<arg>//*[@id="text-_Replace_" and text()='_Replace2_']</arg>
<kw name="Click Single Action" library="Common">
<arg>xpath://a[@href='#todo']//span[@class='mdl-tabs__ripple-container mdl-js-ripple-effect']</arg>
<kw name="Wait Until Page Contains Element" library="SeleniumLibrary">
<arg>${pathItem}</arg>
<doc>Waits until the element ``locator`` appears on the current page.</doc>
<status status="PASS" starttime="20210508 03:46:25.778" endtime="20210508 03:46:26.797"/>
</kw>
<kw name="Click Element" library="SeleniumLibrary">
<arg>${pathItem}</arg>
<doc>Click the element identified by ``locator``.</doc>
<msg timestamp="20210508 03:46:26.797" level="INFO">Clicking element 'xpath://a[@href='#todo']//span[@class='mdl-tabs__ripple-container mdl-js-ripple-effect']'.</msg>
<status status="PASS" starttime="20210508 03:46:26.797" endtime="20210508 03:46:28.846"/>
</kw>
<status status="PASS" starttime="20210508 03:46:25.778" endtime="20210508 03:46:28.846"/>
</kw>
<kw name="Search Text" library="Common">
<var>${result}</var>
<arg>${pathText}</arg>
<arg>${newItemName}</arg>
<arg>50</arg>
<kw name="Set Selenium Speed" library="SeleniumLibrary">
<arg>0</arg>
<doc>Sets the delay that is waited after each Selenium command.</doc>
<status status="PASS" starttime="20210508 03:46:28.847" endtime="20210508 03:46:28.847"/>
</kw>
<kw name="Set Selenium Timeout" library="SeleniumLibrary">
<arg>5</arg>
<doc>Sets the timeout that is used by various keywords.</doc>
<status status="PASS" starttime="20210508 03:46:28.847" endtime="20210508 03:46:28.848"/>
</kw>
<kw name="Set Variable" library="BuiltIn">
<var>${value}</var>
<arg>1</arg>
<doc>Returns the given values which can then be assigned to a variables.</doc>
<msg timestamp="20210508 03:46:28.849" level="INFO">${value} = 1</msg>
<status status="PASS" starttime="20210508 03:46:28.849" endtime="20210508 03:46:28.849"/>
</kw>
<kw name="Convert To Integer" library="BuiltIn">
<var>${value}</var>
<arg>${value}</arg>
<doc>Converts the given item to an integer number.</doc>
<msg timestamp="20210508 03:46:28.849" level="INFO">${value} = 1</msg>
<status status="PASS" starttime="20210508 03:46:28.849" endtime="20210508 03:46:28.849"/>
</kw>
<for flavor="IN RANGE">
<var>${value}</var>
<value>1</value>
<value>${iteration}</value>
<iter>
<var name="${value}">1</var>
<kw name="Convert To String" library="BuiltIn">
<var>${index}</var>
<arg>${value}</arg>
<doc>Converts the given item to a Unicode string.</doc>
<msg timestamp="20210508 03:46:28.850" level="INFO">${index} = 1</msg>
<status status="PASS" starttime="20210508 03:46:28.850" endtime="20210508 03:46:28.850"/>
</kw>
<kw name="Replace String" library="String">
<var>${string}</var>
<arg>${pathPatterns}</arg>
<arg>_Replace_</arg>
<arg>${index}</arg>
<doc>Replaces ``search_for`` in the given ``string`` with ``replace_with``.</doc>
<msg timestamp="20210508 03:46:28.850" level="INFO">${string} = //*[@id="text-1" and text()='_Replace2_']</msg>
<status status="PASS" starttime="20210508 03:46:28.850" endtime="20210508 03:46:28.850"/>
</kw>
<kw name="Replace String" library="String">
<var>${string}</var>
<arg>${string}</arg>
<arg>_Replace2_</arg>
<arg>${expectedValue}</arg>
<doc>Replaces ``search_for`` in the given ``string`` with ``replace_with``.</doc>
<msg timestamp="20210508 03:46:28.851" level="INFO">${string} = //*[@id="text-1" and text()='Addscenario2']</msg>
<status status="PASS" starttime="20210508 03:46:28.850" endtime="20210508 03:46:28.851"/>
</kw>
<kw name="Get Element Count" library="SeleniumLibrary">
<var>${count_target}</var>
<arg>${string}</arg>
<doc>Returns the number of elements matching ``locator``.</doc>
<msg timestamp="20210508 03:46:28.859" level="INFO">${count_target} = 1</msg>
<status status="PASS" starttime="20210508 03:46:28.851" endtime="20210508 03:46:28.859"/>
</kw>
<kw name="Evaluate" library="BuiltIn">
<var>${result}</var>
<arg>"${count_target}" == "1"</arg>
<doc>Evaluates the given expression in Python and returns the result.</doc>
<msg timestamp="20210508 03:46:28.860" level="INFO">${result} = True</msg>
<status status="PASS" starttime="20210508 03:46:28.860" endtime="20210508 03:46:28.860"/>
</kw>
<kw name="Exit For Loop If" library="BuiltIn">
<arg>"${result}" == "True"</arg>
<doc>Stops executing the enclosing for loop if the ``condition`` is true.</doc>
<msg timestamp="20210508 03:46:28.860" level="INFO">Exiting for loop altogether.</msg>
<status status="PASS" starttime="20210508 03:46:28.860" endtime="20210508 03:46:28.861"/>
</kw>
<status status="PASS" starttime="20210508 03:46:28.850" endtime="20210508 03:46:28.861"/>
</iter>
<status status="PASS" starttime="20210508 03:46:28.849" endtime="20210508 03:46:28.861"/>
</for>
<kw name="Return From Keyword" library="BuiltIn">
<arg>${result}</arg>
<doc>Returns from the enclosing user keyword.</doc>
<msg timestamp="20210508 03:46:28.861" level="INFO">Returning from the enclosing user keyword.</msg>
<status status="PASS" starttime="20210508 03:46:28.861" endtime="20210508 03:46:28.861"/>
</kw>
<msg timestamp="20210508 03:46:28.861" level="INFO">${result} = True</msg>
<status status="PASS" starttime="20210508 03:46:28.846" endtime="20210508 03:46:28.861"/>
</kw>
<kw name="Should Be True" library="BuiltIn">
<arg>${result}</arg>
<doc>Fails if the given condition is not true.</doc>
<status status="PASS" starttime="20210508 03:46:28.861" endtime="20210508 03:46:28.861"/>
</kw>
<status status="PASS" starttime="20210508 03:46:25.778" endtime="20210508 03:46:28.862"/>
</kw>
<kw name="Finish All To do Task" library="TodoScenario">
<kw name="Maximize Browser Window" library="SeleniumLibrary">
<doc>Maximizes current browser window.</doc>
<status status="PASS" starttime="20210508 03:46:28.862" endtime="20210508 03:46:28.864"/>
</kw>
<kw name="Set Selenium Timeout" library="SeleniumLibrary">
<arg>20</arg>
<doc>Sets the timeout that is used by various keywords.</doc>
<status status="PASS" starttime="20210508 03:46:28.864" endtime="20210508 03:46:28.865"/>
</kw>
<kw name="Set Selenium Speed" library="SeleniumLibrary">
<arg>1</arg>
<doc>Sets the delay that is waited after each Selenium command.</doc>
<status status="PASS" starttime="20210508 03:46:28.866" endtime="20210508 03:46:28.866"/>
</kw>
<kw name="Click Single Action" library="Common">
<arg>xpath://a[@href='#todo']//span[@class='mdl-tabs__ripple-container mdl-js-ripple-effect']</arg>
<kw name="Wait Until Page Contains Element" library="SeleniumLibrary">
<arg>${pathItem}</arg>
<doc>Waits until the element ``locator`` appears on the current page.</doc>
<status status="PASS" starttime="20210508 03:46:28.866" endtime="20210508 03:46:29.879"/>
</kw>
<kw name="Click Element" library="SeleniumLibrary">
<arg>${pathItem}</arg>
<doc>Click the element identified by ``locator``.</doc>
<msg timestamp="20210508 03:46:29.879" level="INFO">Clicking element 'xpath://a[@href='#todo']//span[@class='mdl-tabs__ripple-container mdl-js-ripple-effect']'.</msg>
<status status="PASS" starttime="20210508 03:46:29.879" endtime="20210508 03:46:31.912"/>
</kw>
<status status="PASS" starttime="20210508 03:46:28.866" endtime="20210508 03:46:31.912"/>
</kw>
<kw name="Click Multiple Action" library="Common">
<arg>//*[@id="incomplete-tasks"]//label[@for='_Replace_']//span[@class='mdl-checkbox__ripple-container mdl-js-ripple-effect mdl-ripple--center']</arg>
<arg>9999</arg>
<for flavor="IN RANGE">
<var>${value}</var>
<value>1</value>
<value>${iteration}</value>
<iter>
<var name="${value}">1</var>
<kw name="Convert To String" library="BuiltIn">
<var>${index}</var>
<arg>${value}</arg>
<doc>Converts the given item to a Unicode string.</doc>
<msg timestamp="20210508 03:46:31.913" level="INFO">${index} = 1</msg>
<status status="PASS" starttime="20210508 03:46:31.913" endtime="20210508 03:46:31.913"/>
</kw>
<kw name="Replace String" library="String">
<var>${string}</var>
<arg>${pathPatterns}</arg>
<arg>_Replace_</arg>
<arg>${index}</arg>
<doc>Replaces ``search_for`` in the given ``string`` with ``replace_with``.</doc>
<msg timestamp="20210508 03:46:31.914" level="INFO">${string} = //*[@id="incomplete-tasks"]//label[@for='1']//span[@class='mdl-checkbox__ripple-container mdl-js-ripple-effect mdl-ripple--center']</msg>
<status status="PASS" starttime="20210508 03:46:31.913" endtime="20210508 03:46:31.914"/>
</kw>
<kw name="Log To Console" library="BuiltIn">
<arg>${string}</arg>
<doc>Logs the given message to the console.</doc>
<status status="PASS" starttime="20210508 03:46:31.914" endtime="20210508 03:46:31.914"/>
</kw>
<kw name="Get Element Count" library="SeleniumLibrary">
<var>${count}</var>
<arg>${string}</arg>
<doc>Returns the number of elements matching ``locator``.</doc>
<msg timestamp="20210508 03:46:32.934" level="INFO">${count} = 1</msg>
<status status="PASS" starttime="20210508 03:46:31.915" endtime="20210508 03:46:32.934"/>
</kw>
<kw name="Exit For Loop If" library="BuiltIn">
<arg>"${count}" == "0"</arg>
<doc>Stops executing the enclosing for loop if the ``condition`` is true.</doc>
<status status="PASS" starttime="20210508 03:46:32.934" endtime="20210508 03:46:32.934"/>
</kw>
<kw name="Run Keyword If" library="BuiltIn">
<arg>"${count}" == "1"</arg>
<arg>Click Single Action</arg>
<arg>${string}</arg>
<doc>Runs the given keyword with the given arguments, if ``condition`` is true.</doc>
<kw name="Click Single Action" library="Common">
<arg>${string}</arg>
<kw name="Wait Until Page Contains Element" library="SeleniumLibrary">
<arg>${pathItem}</arg>
<doc>Waits until the element ``locator`` appears on the current page.</doc>
<status status="PASS" starttime="20210508 03:46:32.935" endtime="20210508 03:46:33.952"/>
</kw>
<kw name="Click Element" library="SeleniumLibrary">
<arg>${pathItem}</arg>
<doc>Click the element identified by ``locator``.</doc>
<msg timestamp="20210508 03:46:33.952" level="INFO">Clicking element '//*[@id="incomplete-tasks"]//label[@for='1']//span[@class='mdl-checkbox__ripple-container mdl-js-ripple-effect mdl-ripple--center']'.</msg>
<status status="PASS" starttime="20210508 03:46:33.952" endtime="20210508 03:46:36.003"/>
</kw>
<status status="PASS" starttime="20210508 03:46:32.935" endtime="20210508 03:46:36.003"/>
</kw>
<status status="PASS" starttime="20210508 03:46:32.935" endtime="20210508 03:46:36.003"/>
</kw>
<status status="PASS" starttime="20210508 03:46:31.913" endtime="20210508 03:46:36.003"/>
</iter>
<iter>
<var name="${value}">2</var>
<kw name="Convert To String" library="BuiltIn">
<var>${index}</var>
<arg>${value}</arg>
<doc>Converts the given item to a Unicode string.</doc>
<msg timestamp="20210508 03:46:36.004" level="INFO">${index} = 2</msg>
<status status="PASS" starttime="20210508 03:46:36.003" endtime="20210508 03:46:36.004"/>
</kw>
<kw name="Replace String" library="String">
<var>${string}</var>
<arg>${pathPatterns}</arg>
<arg>_Replace_</arg>
<arg>${index}</arg>
<doc>Replaces ``search_for`` in the given ``string`` with ``replace_with``.</doc>
<msg timestamp="20210508 03:46:36.004" level="INFO">${string} = //*[@id="incomplete-tasks"]//label[@for='2']//span[@class='mdl-checkbox__ripple-container mdl-js-ripple-effect mdl-ripple--center']</msg>
<status status="PASS" starttime="20210508 03:46:36.004" endtime="20210508 03:46:36.004"/>
</kw>
<kw name="Log To Console" library="BuiltIn">
<arg>${string}</arg>
<doc>Logs the given message to the console.</doc>
<status status="PASS" starttime="20210508 03:46:36.004" endtime="20210508 03:46:36.005"/>
</kw>
<kw name="Get Element Count" library="SeleniumLibrary">
<var>${count}</var>
<arg>${string}</arg>
<doc>Returns the number of elements matching ``locator``.</doc>
<msg timestamp="20210508 03:46:37.029" level="INFO">${count} = 0</msg>
<status status="PASS" starttime="20210508 03:46:36.005" endtime="20210508 03:46:37.029"/>
</kw>
<kw name="Exit For Loop If" library="BuiltIn">
<arg>"${count}" == "0"</arg>
<doc>Stops executing the enclosing for loop if the ``condition`` is true.</doc>
<msg timestamp="20210508 03:46:37.029" level="INFO">Exiting for loop altogether.</msg>
<status status="PASS" starttime="20210508 03:46:37.029" endtime="20210508 03:46:37.029"/>
</kw>
<status status="PASS" starttime="20210508 03:46:36.003" endtime="20210508 03:46:37.029"/>
</iter>
<status status="PASS" starttime="20210508 03:46:31.912" endtime="20210508 03:46:37.030"/>
</for>
<status status="PASS" starttime="20210508 03:46:31.912" endtime="20210508 03:46:37.030"/>
</kw>
<status status="PASS" starttime="20210508 03:46:28.862" endtime="20210508 03:46:37.030"/>
</kw>
<kw name="Validate Finish Task was moved to Complete Task Lane" library="TodoScenario">
<arg>${input}</arg>
<arg>//*[@id="completed-tasks"]/li[_Replace_]/span[text()='_Replace2_']</arg>
<kw name="Click Single Action" library="Common">
<arg>xpath://a[@href='#completed']//span[@class='mdl-tabs__ripple-container mdl-js-ripple-effect']</arg>
<kw name="Wait Until Page Contains Element" library="SeleniumLibrary">
<arg>${pathItem}</arg>
<doc>Waits until the element ``locator`` appears on the current page.</doc>
<status status="PASS" starttime="20210508 03:46:37.031" endtime="20210508 03:46:38.040"/>
</kw>
<kw name="Click Element" library="SeleniumLibrary">
<arg>${pathItem}</arg>
<doc>Click the element identified by ``locator``.</doc>
<msg timestamp="20210508 03:46:38.040" level="INFO">Clicking element 'xpath://a[@href='#completed']//span[@class='mdl-tabs__ripple-container mdl-js-ripple-effect']'.</msg>
<status status="PASS" starttime="20210508 03:46:38.040" endtime="20210508 03:46:40.080"/>
</kw>
<status status="PASS" starttime="20210508 03:46:37.030" endtime="20210508 03:46:40.080"/>
</kw>
<kw name="Search Text" library="Common">
<var>${result}</var>
<arg>${pathText}</arg>
<arg>${finishItemName}</arg>
<arg>50</arg>
<kw name="Set Selenium Speed" library="SeleniumLibrary">
<arg>0</arg>
<doc>Sets the delay that is waited after each Selenium command.</doc>
<status status="PASS" starttime="20210508 03:46:40.081" endtime="20210508 03:46:40.081"/>
</kw>
<kw name="Set Selenium Timeout" library="SeleniumLibrary">
<arg>5</arg>
<doc>Sets the timeout that is used by various keywords.</doc>
<status status="PASS" starttime="20210508 03:46:40.081" endtime="20210508 03:46:40.082"/>
</kw>
<kw name="Set Variable" library="BuiltIn">
<var>${value}</var>
<arg>1</arg>
<doc>Returns the given values which can then be assigned to a variables.</doc>
<msg timestamp="20210508 03:46:40.083" level="INFO">${value} = 1</msg>
<status status="PASS" starttime="20210508 03:46:40.082" endtime="20210508 03:46:40.083"/>
</kw>
<kw name="Convert To Integer" library="BuiltIn">
<var>${value}</var>
<arg>${value}</arg>
<doc>Converts the given item to an integer number.</doc>
<msg timestamp="20210508 03:46:40.083" level="INFO">${value} = 1</msg>
<status status="PASS" starttime="20210508 03:46:40.083" endtime="20210508 03:46:40.083"/>
</kw>
<for flavor="IN RANGE">
<var>${value}</var>
<value>1</value>
<value>${iteration}</value>
<iter>
<var name="${value}">1</var>
<kw name="Convert To String" library="BuiltIn">
<var>${index}</var>
<arg>${value}</arg>
<doc>Converts the given item to a Unicode string.</doc>
<msg timestamp="20210508 03:46:40.084" level="INFO">${index} = 1</msg>
<status status="PASS" starttime="20210508 03:46:40.084" endtime="20210508 03:46:40.084"/>
</kw>
<kw name="Replace String" library="String">
<var>${string}</var>
<arg>${pathPatterns}</arg>
<arg>_Replace_</arg>
<arg>${index}</arg>
<doc>Replaces ``search_for`` in the given ``string`` with ``replace_with``.</doc>
<msg timestamp="20210508 03:46:40.084" level="INFO">${string} = //*[@id="completed-tasks"]/li[1]/span[text()='_Replace2_']</msg>
<status status="PASS" starttime="20210508 03:46:40.084" endtime="20210508 03:46:40.084"/>
</kw>
<kw name="Replace String" library="String">
<var>${string}</var>
<arg>${string}</arg>
<arg>_Replace2_</arg>
<arg>${expectedValue}</arg>
<doc>Replaces ``search_for`` in the given ``string`` with ``replace_with``.</doc>
<msg timestamp="20210508 03:46:40.085" level="INFO">${string} = //*[@id="completed-tasks"]/li[1]/span[text()='Addscenario2']</msg>
<status status="PASS" starttime="20210508 03:46:40.084" endtime="20210508 03:46:40.085"/>
</kw>
<kw name="Get Element Count" library="SeleniumLibrary">
<var>${count_target}</var>
<arg>${string}</arg>
<doc>Returns the number of elements matching ``locator``.</doc>
<msg timestamp="20210508 03:46:40.093" level="INFO">${count_target} = 1</msg>
<status status="PASS" starttime="20210508 03:46:40.085" endtime="20210508 03:46:40.093"/>
</kw>
<kw name="Evaluate" library="BuiltIn">
<var>${result}</var>
<arg>"${count_target}" == "1"</arg>
<doc>Evaluates the given expression in Python and returns the result.</doc>
<msg timestamp="20210508 03:46:40.093" level="INFO">${result} = True</msg>
<status status="PASS" starttime="20210508 03:46:40.093" endtime="20210508 03:46:40.093"/>
</kw>
<kw name="Exit For Loop If" library="BuiltIn">
<arg>"${result}" == "True"</arg>
<doc>Stops executing the enclosing for loop if the ``condition`` is true.</doc>
<msg timestamp="20210508 03:46:40.094" level="INFO">Exiting for loop altogether.</msg>
<status status="PASS" starttime="20210508 03:46:40.094" endtime="20210508 03:46:40.094"/>
</kw>
<status status="PASS" starttime="20210508 03:46:40.083" endtime="20210508 03:46:40.094"/>
</iter>
<status status="PASS" starttime="20210508 03:46:40.083" endtime="20210508 03:46:40.094"/>
</for>
<kw name="Return From Keyword" library="BuiltIn">
<arg>${result}</arg>
<doc>Returns from the enclosing user keyword.</doc>
<msg timestamp="20210508 03:46:40.094" level="INFO">Returning from the enclosing user keyword.</msg>
<status status="PASS" starttime="20210508 03:46:40.094" endtime="20210508 03:46:40.094"/>
</kw>
<msg timestamp="20210508 03:46:40.095" level="INFO">${result} = True</msg>
<status status="PASS" starttime="20210508 03:46:40.080" endtime="20210508 03:46:40.095"/>
</kw>
<kw name="Should Be True" library="BuiltIn">
<arg>${result}</arg>
<doc>Fails if the given condition is not true.</doc>
<status status="PASS" starttime="20210508 03:46:40.095" endtime="20210508 03:46:40.095"/>
</kw>
<status status="PASS" starttime="20210508 03:46:37.030" endtime="20210508 03:46:40.095"/>
</kw>
<kw name="Remove All Completed Task" library="CompleteScenario">
<kw name="Maximize Browser Window" library="SeleniumLibrary">
<doc>Maximizes current browser window.</doc>
<status status="PASS" starttime="20210508 03:46:40.096" endtime="20210508 03:46:40.098"/>
</kw>
<kw name="Set Selenium Timeout" library="SeleniumLibrary">
<arg>20</arg>
<doc>Sets the timeout that is used by various keywords.</doc>
<status status="PASS" starttime="20210508 03:46:40.098" endtime="20210508 03:46:40.099"/>
</kw>
<kw name="Set Selenium Speed" library="SeleniumLibrary">
<arg>1</arg>
<doc>Sets the delay that is waited after each Selenium command.</doc>
<status status="PASS" starttime="20210508 03:46:40.099" endtime="20210508 03:46:40.100"/>
</kw>
<kw name="Click Single Action" library="Common">
<arg>xpath://a[@href='#completed']//span[@class='mdl-tabs__ripple-container mdl-js-ripple-effect']</arg>
<kw name="Wait Until Page Contains Element" library="SeleniumLibrary">
<arg>${pathItem}</arg>
<doc>Waits until the element ``locator`` appears on the current page.</doc>
<status status="PASS" starttime="20210508 03:46:40.100" endtime="20210508 03:46:41.110"/>
</kw>
<kw name="Click Element" library="SeleniumLibrary">
<arg>${pathItem}</arg>
<doc>Click the element identified by ``locator``.</doc>
<msg timestamp="20210508 03:46:41.110" level="INFO">Clicking element 'xpath://a[@href='#completed']//span[@class='mdl-tabs__ripple-container mdl-js-ripple-effect']'.</msg>
<status status="PASS" starttime="20210508 03:46:41.110" endtime="20210508 03:46:43.143"/>
</kw>
<status status="PASS" starttime="20210508 03:46:40.100" endtime="20210508 03:46:43.143"/>
</kw>
<kw name="Click Multiple Action" library="Common">
<arg>//ul[@id='completed-tasks']//button[@id="_Replace_"]</arg>
<arg>99999</arg>
<for flavor="IN RANGE">
<var>${value}</var>
<value>1</value>
<value>${iteration}</value>
<iter>
<var name="${value}">1</var>
<kw name="Convert To String" library="BuiltIn">
<var>${index}</var>
<arg>${value}</arg>
<doc>Converts the given item to a Unicode string.</doc>
<msg timestamp="20210508 03:46:43.146" level="INFO">${index} = 1</msg>
<status status="PASS" starttime="20210508 03:46:43.145" endtime="20210508 03:46:43.146"/>
</kw>
<kw name="Replace String" library="String">
<var>${string}</var>
<arg>${pathPatterns}</arg>
<arg>_Replace_</arg>
<arg>${index}</arg>
<doc>Replaces ``search_for`` in the given ``string`` with ``replace_with``.</doc>
<msg timestamp="20210508 03:46:43.146" level="INFO">${string} = //ul[@id='completed-tasks']//button[@id="1"]</msg>
<status status="PASS" starttime="20210508 03:46:43.146" endtime="20210508 03:46:43.146"/>
</kw>
<kw name="Log To Console" library="BuiltIn">
<arg>${string}</arg>
<doc>Logs the given message to the console.</doc>
<status status="PASS" starttime="20210508 03:46:43.146" endtime="20210508 03:46:43.147"/>
</kw>
<kw name="Get Element Count" library="SeleniumLibrary">
<var>${count}</var>
<arg>${string}</arg>
<doc>Returns the number of elements matching ``locator``.</doc>
<msg timestamp="20210508 03:46:44.170" level="INFO">${count} = 1</msg>
<status status="PASS" starttime="20210508 03:46:43.147" endtime="20210508 03:46:44.170"/>
</kw>
<kw name="Exit For Loop If" library="BuiltIn">
<arg>"${count}" == "0"</arg>
<doc>Stops executing the enclosing for loop if the ``condition`` is true.</doc>
<status status="PASS" starttime="20210508 03:46:44.170" endtime="20210508 03:46:44.170"/>
</kw>
<kw name="Run Keyword If" library="BuiltIn">
<arg>"${count}" == "1"</arg>
<arg>Click Single Action</arg>
<arg>${string}</arg>
<doc>Runs the given keyword with the given arguments, if ``condition`` is true.</doc>
<kw name="Click Single Action" library="Common">
<arg>${string}</arg>
<kw name="Wait Until Page Contains Element" library="SeleniumLibrary">
<arg>${pathItem}</arg>
<doc>Waits until the element ``locator`` appears on the current page.</doc>
<status status="PASS" starttime="20210508 03:46:44.171" endtime="20210508 03:46:45.177"/>
</kw>
<kw name="Click Element" library="SeleniumLibrary">
<arg>${pathItem}</arg>
<doc>Click the element identified by ``locator``.</doc>
<msg timestamp="20210508 03:46:45.177" level="INFO">Clicking element '//ul[@id='completed-tasks']//button[@id="1"]'.</msg>
<status status="PASS" starttime="20210508 03:46:45.177" endtime="20210508 03:46:47.224"/>
</kw>
<status status="PASS" starttime="20210508 03:46:44.171" endtime="20210508 03:46:47.224"/>
</kw>
<status status="PASS" starttime="20210508 03:46:44.170" endtime="20210508 03:46:47.224"/>
</kw>
<status status="PASS" starttime="20210508 03:46:43.145" endtime="20210508 03:46:47.224"/>
</iter>
<iter>
<var name="${value}">2</var>
<kw name="Convert To String" library="BuiltIn">
<var>${index}</var>
<arg>${value}</arg>
<doc>Converts the given item to a Unicode string.</doc>
<msg timestamp="20210508 03:46:47.225" level="INFO">${index} = 2</msg>
<status status="PASS" starttime="20210508 03:46:47.224" endtime="20210508 03:46:47.225"/>
</kw>
<kw name="Replace String" library="String">
<var>${string}</var>
<arg>${pathPatterns}</arg>
<arg>_Replace_</arg>
<arg>${index}</arg>
<doc>Replaces ``search_for`` in the given ``string`` with ``replace_with``.</doc>
<msg timestamp="20210508 03:46:47.225" level="INFO">${string} = //ul[@id='completed-tasks']//button[@id="2"]</msg>
<status status="PASS" starttime="20210508 03:46:47.225" endtime="20210508 03:46:47.225"/>
</kw>
<kw name="Log To Console" library="BuiltIn">
<arg>${string}</arg>
<doc>Logs the given message to the console.</doc>
<status status="PASS" starttime="20210508 03:46:47.225" endtime="20210508 03:46:47.226"/>
</kw>
<kw name="Get Element Count" library="SeleniumLibrary">
<var>${count}</var>
<arg>${string}</arg>
<doc>Returns the number of elements matching ``locator``.</doc>
<msg timestamp="20210508 03:46:48.239" level="INFO">${count} = 0</msg>
<status status="PASS" starttime="20210508 03:46:47.226" endtime="20210508 03:46:48.239"/>
</kw>
<kw name="Exit For Loop If" library="BuiltIn">
<arg>"${count}" == "0"</arg>
<doc>Stops executing the enclosing for loop if the ``condition`` is true.</doc>
<msg timestamp="20210508 03:46:48.240" level="INFO">Exiting for loop altogether.</msg>
<status status="PASS" starttime="20210508 03:46:48.239" endtime="20210508 03:46:48.240"/>
</kw>
<status status="PASS" starttime="20210508 03:46:47.224" endtime="20210508 03:46:48.240"/>
</iter>
<status status="PASS" starttime="20210508 03:46:43.143" endtime="20210508 03:46:48.241"/>
</for>
<status status="PASS" starttime="20210508 03:46:43.143" endtime="20210508 03:46:48.241"/>
</kw>
<status status="PASS" starttime="20210508 03:46:40.095" endtime="20210508 03:46:48.242"/>
</kw>
<kw name="Validate Task is not Exist when it was deleted" library="CompleteScenario">
<arg>${input}</arg>
<arg>//*[@id="completed-tasks"]/li[_Replace_]/span[text()='_Replace2_']</arg>
<kw name="Click Single Action" library="Common">
<arg>xpath://a[@href='#completed']//span[@class='mdl-tabs__ripple-container mdl-js-ripple-effect']</arg>
<kw name="Wait Until Page Contains Element" library="SeleniumLibrary">
<arg>${pathItem}</arg>
<doc>Waits until the element ``locator`` appears on the current page.</doc>
<status status="PASS" starttime="20210508 03:46:48.243" endtime="20210508 03:46:49.251"/>
</kw>
<kw name="Click Element" library="SeleniumLibrary">
<arg>${pathItem}</arg>
<doc>Click the element identified by ``locator``.</doc>
<msg timestamp="20210508 03:46:49.251" level="INFO">Clicking element 'xpath://a[@href='#completed']//span[@class='mdl-tabs__ripple-container mdl-js-ripple-effect']'.</msg>
<status status="PASS" starttime="20210508 03:46:49.251" endtime="20210508 03:46:51.278"/>
</kw>
<status status="PASS" starttime="20210508 03:46:48.243" endtime="20210508 03:46:51.278"/>
</kw>
<kw name="Search Text" library="Common">
<var>${result}</var>
<arg>${pathText}</arg>
<arg>${RemoveItemName}</arg>
<arg>50</arg>
<kw name="Set Selenium Speed" library="SeleniumLibrary">
<arg>0</arg>
<doc>Sets the delay that is waited after each Selenium command.</doc>
<status status="PASS" starttime="20210508 03:46:51.279" endtime="20210508 03:46:51.279"/>
</kw>
<kw name="Set Selenium Timeout" library="SeleniumLibrary">
<arg>5</arg>
<doc>Sets the timeout that is used by various keywords.</doc>
<status status="PASS" starttime="20210508 03:46:51.279" endtime="20210508 03:46:51.280"/>
</kw>
<kw name="Set Variable" library="BuiltIn">
<var>${value}</var>
<arg>1</arg>
<doc>Returns the given values which can then be assigned to a variables.</doc>
<msg timestamp="20210508 03:46:51.280" level="INFO">${value} = 1</msg>
<status status="PASS" starttime="20210508 03:46:51.280" endtime="20210508 03:46:51.280"/>
</kw>
<kw name="Convert To Integer" library="BuiltIn">
<var>${value}</var>
<arg>${value}</arg>
<doc>Converts the given item to an integer number.</doc>
<msg timestamp="20210508 03:46:51.281" level="INFO">${value} = 1</msg>
<status status="PASS" starttime="20210508 03:46:51.280" endtime="20210508 03:46:51.281"/>
</kw>
<for flavor="IN RANGE">
<var>${value}</var>
<value>1</value>
<value>${iteration}</value>
<iter>
<var name="${value}">1</var>
<kw name="Convert To String" library="BuiltIn">
<var>${index}</var>
<arg>${value}</arg>
<doc>Converts the given item to a Unicode string.</doc>
<msg timestamp="20210508 03:46:51.281" level="INFO">${index} = 1</msg>
<status status="PASS" starttime="20210508 03:46:51.281" endtime="20210508 03:46:51.281"/>
</kw>
<kw name="Replace String" library="String">
<var>${string}</var>
<arg>${pathPatterns}</arg>
<arg>_Replace_</arg>
<arg>${index}</arg>
<doc>Replaces ``search_for`` in the given ``string`` with ``replace_with``.</doc>
<msg timestamp="20210508 03:46:51.282" level="INFO">${string} = //*[@id="completed-tasks"]/li[1]/span[text()='_Replace2_']</msg>
<status status="PASS" starttime="20210508 03:46:51.281" endtime="20210508 03:46:51.282"/>
</kw>
<kw name="Replace String" library="String">
<var>${string}</var>
<arg>${string}</arg>
<arg>_Replace2_</arg>
<arg>${expectedValue}</arg>
<doc>Replaces ``search_for`` in the given ``string`` with ``replace_with``.</doc>
<msg timestamp="20210508 03:46:51.282" level="INFO">${string} = //*[@id="completed-tasks"]/li[1]/span[text()='Addscenario2']</msg>
<status status="PASS" starttime="20210508 03:46:51.282" endtime="20210508 03:46:51.282"/>
</kw>
<kw name="Get Element Count" library="SeleniumLibrary">
<var>${count_target}</var>
<arg>${string}</arg>
<doc>Returns the number of elements matching ``locator``.</doc>
<msg timestamp="20210508 03:46:51.288" level="INFO">${count_target} = 0</msg>
<status status="PASS" starttime="20210508 03:46:51.282" endtime="20210508 03:46:51.288"/>
</kw>
<kw name="Evaluate" library="BuiltIn">
<var>${result}</var>
<arg>"${count_target}" == "1"</arg>
<doc>Evaluates the given expression in Python and returns the result.</doc>
<msg timestamp="20210508 03:46:51.288" level="INFO">${result} = False</msg>
<status status="PASS" starttime="20210508 03:46:51.288" endtime="20210508 03:46:51.288"/>
</kw>
<kw name="Exit For Loop If" library="BuiltIn">
<arg>"${result}" == "True"</arg>
<doc>Stops executing the enclosing for loop if the ``condition`` is true.</doc>
<status status="PASS" starttime="20210508 03:46:51.288" endtime="20210508 03:46:51.289"/>
</kw>
<status status="PASS" starttime="20210508 03:46:51.281" endtime="20210508 03:46:51.289"/>
</iter>
<iter>
<var name="${value}">2</var>
<kw name="Convert To String" library="BuiltIn">
<var>${index}</var>
<arg>${value}</arg>
<doc>Converts the given item to a Unicode string.</doc>
<msg timestamp="20210508 03:46:51.289" level="INFO">${index} = 2</msg>
<status status="PASS" starttime="20210508 03:46:51.289" endtime="20210508 03:46:51.289"/>
</kw>
<kw name="Replace String" library="String">
<var>${string}</var>
<arg>${pathPatterns}</arg>
<arg>_Replace_</arg>
<arg>${index}</arg>
<doc>Replaces ``search_for`` in the given ``string`` with ``replace_with``.</doc>
<msg timestamp="20210508 03:46:51.290" level="INFO">${string} = //*[@id="completed-tasks"]/li[2]/span[text()='_Replace2_']</msg>
<status status="PASS" starttime="20210508 03:46:51.289" endtime="20210508 03:46:51.290"/>
</kw>
<kw name="Replace String" library="String">
<var>${string}</var>
<arg>${string}</arg>
<arg>_Replace2_</arg>
<arg>${expectedValue}</arg>
<doc>Replaces ``search_for`` in the given ``string`` with ``replace_with``.</doc>
<msg timestamp="20210508 03:46:51.290" level="INFO">${string} = //*[@id="completed-tasks"]/li[2]/span[text()='Addscenario2']</msg>
<status status="PASS" starttime="20210508 03:46:51.290" endtime="20210508 03:46:51.290"/>
</kw>
<kw name="Get Element Count" library="SeleniumLibrary">
<var>${count_target}</var>
<arg>${string}</arg>
<doc>Returns the number of elements matching ``locator``.</doc>
<msg timestamp="20210508 03:46:51.298" level="INFO">${count_target} = 0</msg>
<status status="PASS" starttime="20210508 03:46:51.290" endtime="20210508 03:46:51.298"/>
</kw>
<kw name="Evaluate" library="BuiltIn">
<var>${result}</var>
<arg>"${count_target}" == "1"</arg>
<doc>Evaluates the given expression in Python and returns the result.</doc>
<msg timestamp="20210508 03:46:51.299" level="INFO">${result} = False</msg>
<status status="PASS" starttime="20210508 03:46:51.299" endtime="20210508 03:46:51.299"/>
</kw>
<kw name="Exit For Loop If" library="BuiltIn">
<arg>"${result}" == "True"</arg>
<doc>Stops executing the enclosing for loop if the ``condition`` is true.</doc>
<status status="PASS" starttime="20210508 03:46:51.299" endtime="20210508 03:46:51.299"/>
</kw>
<status status="PASS" starttime="20210508 03:46:51.289" endtime="20210508 03:46:51.299"/>
</iter>
<iter>
<var name="${value}">3</var>
<kw name="Convert To String" library="BuiltIn">
<var>${index}</var>
<arg>${value}</arg>
<doc>Converts the given item to a Unicode string.</doc>
<msg timestamp="20210508 03:46:51.300" level="INFO">${index} = 3</msg>
<status status="PASS" starttime="20210508 03:46:51.300" endtime="20210508 03:46:51.300"/>
</kw>
<kw name="Replace String" library="String">
<var>${string}</var>
<arg>${pathPatterns}</arg>
<arg>_Replace_</arg>
<arg>${index}</arg>
<doc>Replaces ``search_for`` in the given ``string`` with ``replace_with``.</doc>
<msg timestamp="20210508 03:46:51.300" level="INFO">${string} = //*[@id="completed-tasks"]/li[3]/span[text()='_Replace2_']</msg>
<status status="PASS" starttime="20210508 03:46:51.300" endtime="20210508 03:46:51.300"/>
</kw>
<kw name="Replace String" library="String">
<var>${string}</var>
<arg>${string}</arg>
<arg>_Replace2_</arg>
<arg>${expectedValue}</arg>
<doc>Replaces ``search_for`` in the given ``string`` with ``replace_with``.</doc>
<msg timestamp="20210508 03:46:51.301" level="INFO">${string} = //*[@id="completed-tasks"]/li[3]/span[text()='Addscenario2']</msg>
<status status="PASS" starttime="20210508 03:46:51.301" endtime="20210508 03:46:51.301"/>
</kw>
<kw name="Get Element Count" library="SeleniumLibrary">
<var>${count_target}</var>
<arg>${string}</arg>
<doc>Returns the number of elements matching ``locator``.</doc>
<msg timestamp="20210508 03:46:51.309" level="INFO">${count_target} = 0</msg>
<status status="PASS" starttime="20210508 03:46:51.301" endtime="20210508 03:46:51.309"/>
</kw>
<kw name="Evaluate" library="BuiltIn">
<var>${result}</var>
<arg>"${count_target}" == "1"</arg>
<doc>Evaluates the given expression in Python and returns the result.</doc>
<msg timestamp="20210508 03:46:51.310" level="INFO">${result} = False</msg>
<status status="PASS" starttime="20210508 03:46:51.309" endtime="20210508 03:46:51.310"/>
</kw>
<kw name="Exit For Loop If" library="BuiltIn">
<arg>"${result}" == "True"</arg>
<doc>Stops executing the enclosing for loop if the ``condition`` is true.</doc>
<status status="PASS" starttime="20210508 03:46:51.310" endtime="20210508 03:46:51.310"/>
</kw>
<status status="PASS" starttime="20210508 03:46:51.300" endtime="20210508 03:46:51.310"/>
</iter>
<iter>
<var name="${value}">4</var>
<kw name="Convert To String" library="BuiltIn">
<var>${index}</var>
<arg>${value}</arg>
<doc>Converts the given item to a Unicode string.</doc>
<msg timestamp="20210508 03:46:51.311" level="INFO">${index} = 4</msg>
<status status="PASS" starttime="20210508 03:46:51.311" endtime="20210508 03:46:51.311"/>
</kw>
<kw name="Replace String" library="String">
<var>${string}</var>
<arg>${pathPatterns}</arg>
<arg>_Replace_</arg>
<arg>${index}</arg>
<doc>Replaces ``search_for`` in the given ``string`` with ``replace_with``.</doc>
<msg timestamp="20210508 03:46:51.312" level="INFO">${string} = //*[@id="completed-tasks"]/li[4]/span[text()='_Replace2_']</msg>
<status status="PASS" starttime="20210508 03:46:51.311" endtime="20210508 03:46:51.312"/>
</kw>
<kw name="Replace String" library="String">
<var>${string}</var>
<arg>${string}</arg>
<arg>_Replace2_</arg>
<arg>${expectedValue}</arg>
<doc>Replaces ``search_for`` in the given ``string`` with ``replace_with``.</doc>
<msg timestamp="20210508 03:46:51.312" level="INFO">${string} = //*[@id="completed-tasks"]/li[4]/span[text()='Addscenario2']</msg>
<status status="PASS" starttime="20210508 03:46:51.312" endtime="20210508 03:46:51.312"/>
</kw>
<kw name="Get Element Count" library="SeleniumLibrary">
<var>${count_target}</var>
<arg>${string}</arg>
<doc>Returns the number of elements matching ``locator``.</doc>
<msg timestamp="20210508 03:46:51.321" level="INFO">${count_target} = 0</msg>
<status status="PASS" starttime="20210508 03:46:51.312" endtime="20210508 03:46:51.321"/>
</kw>
<kw name="Evaluate" library="BuiltIn">
<var>${result}</var>
<arg>"${count_target}" == "1"</arg>
<doc>Evaluates the given expression in Python and returns the result.</doc>
<msg timestamp="20210508 03:46:51.321" level="INFO">${result} = False</msg>
<status status="PASS" starttime="20210508 03:46:51.321" endtime="20210508 03:46:51.321"/>
</kw>
<kw name="Exit For Loop If" library="BuiltIn">
<arg>"${result}" == "True"</arg>
<doc>Stops executing the enclosing for loop if the ``condition`` is true.</doc>
<status status="PASS" starttime="20210508 03:46:51.321" endtime="20210508 03:46:51.322"/>
</kw>
<status status="PASS" starttime="20210508 03:46:51.310" endtime="20210508 03:46:51.322"/>
</iter>
<iter>
<var name="${value}">5</var>
<kw name="Convert To String" library="BuiltIn">
<var>${index}</var>
<arg>${value}</arg>
<doc>Converts the given item to a Unicode string.</doc>
<msg timestamp="20210508 03:46:51.322" level="INFO">${index} = 5</msg>
<status status="PASS" starttime="20210508 03:46:51.322" endtime="20210508 03:46:51.322"/>
</kw>
<kw name="Replace String" library="String">
<var>${string}</var>
<arg>${pathPatterns}</arg>
<arg>_Replace_</arg>
<arg>${index}</arg>
<doc>Replaces ``search_for`` in the given ``string`` with ``replace_with``.</doc>
<msg timestamp="20210508 03:46:51.323" level="INFO">${string} = //*[@id="completed-tasks"]/li[5]/span[text()='_Replace2_']</msg>
<status status="PASS" starttime="20210508 03:46:51.322" endtime="20210508 03:46:51.323"/>
</kw>
<kw name="Replace String" library="String">
<var>${string}</var>
<arg>${string}</arg>
<arg>_Replace2_</arg>
<arg>${expectedValue}</arg>
<doc>Replaces ``search_for`` in the given ``string`` with ``replace_with``.</doc>
<msg timestamp="20210508 03:46:51.323" level="INFO">${string} = //*[@id="completed-tasks"]/li[5]/span[text()='Addscenario2']</msg>
<status status="PASS" starttime="20210508 03:46:51.323" endtime="20210508 03:46:51.323"/>
</kw>
<kw name="Get Element Count" library="SeleniumLibrary">
<var>${count_target}</var>
<arg>${string}</arg>
<doc>Returns the number of elements matching ``locator``.</doc>
<msg timestamp="20210508 03:46:51.332" level="INFO">${count_target} = 0</msg>
<status status="PASS" starttime="20210508 03:46:51.323" endtime="20210508 03:46:51.332"/>
</kw>
<kw name="Evaluate" library="BuiltIn">
<var>${result}</var>
<arg>"${count_target}" == "1"</arg>
<doc>Evaluates the given expression in Python and returns the result.</doc>
<msg timestamp="20210508 03:46:51.333" level="INFO">${result} = False</msg>
<status status="PASS" starttime="20210508 03:46:51.332" endtime="20210508 03:46:51.333"/>
</kw>
<kw name="Exit For Loop If" library="BuiltIn">
<arg>"${result}" == "True"</arg>
<doc>Stops executing the enclosing for loop if the ``condition`` is true.</doc>
<status status="PASS" starttime="20210508 03:46:51.333" endtime="20210508 03:46:51.333"/>
</kw>
<status status="PASS" starttime="20210508 03:46:51.322" endtime="20210508 03:46:51.333"/>
</iter>
<iter>
<var name="${value}">6</var>
<kw name="Convert To String" library="BuiltIn">
<var>${index}</var>
<arg>${value}</arg>
<doc>Converts the given item to a Unicode string.</doc>
<msg timestamp="20210508 03:46:51.334" level="INFO">${index} = 6</msg>
<status status="PASS" starttime="20210508 03:46:51.334" endtime="20210508 03:46:51.334"/>
</kw>
<kw name="Replace String" library="String">
<var>${string}</var>
<arg>${pathPatterns}</arg>
<arg>_Replace_</arg>
<arg>${index}</arg>
<doc>Replaces ``search_for`` in the given ``string`` with ``replace_with``.</doc>
<msg timestamp="20210508 03:46:51.334" level="INFO">${string} = //*[@id="completed-tasks"]/li[6]/span[text()='_Replace2_']</msg>
<status status="PASS" starttime="20210508 03:46:51.334" endtime="20210508 03:46:51.334"/>
</kw>
<kw name="Replace String" library="String">
<var>${string}</var>
<arg>${string}</arg>
<arg>_Replace2_</arg>
<arg>${expectedValue}</arg>
<doc>Replaces ``search_for`` in the given ``string`` with ``replace_with``.</doc>
<msg timestamp="20210508 03:46:51.335" level="INFO">${string} = //*[@id="completed-tasks"]/li[6]/span[text()='Addscenario2']</msg>
<status status="PASS" starttime="20210508 03:46:51.334" endtime="20210508 03:46:51.335"/>
</kw>
<kw name="Get Element Count" library="SeleniumLibrary">
<var>${count_target}</var>
<arg>${string}</arg>
<doc>Returns the number of elements matching ``locator``.</doc>
<msg timestamp="20210508 03:46:51.343" level="INFO">${count_target} = 0</msg>
<status status="PASS" starttime="20210508 03:46:51.335" endtime="20210508 03:46:51.343"/>
</kw>
<kw name="Evaluate" library="BuiltIn">
<var>${result}</var>
<arg>"${count_target}" == "1"</arg>
<doc>Evaluates the given expression in Python and returns the result.</doc>
<msg timestamp="20210508 03:46:51.343" level="INFO">${result} = False</msg>
<status status="PASS" starttime="20210508 03:46:51.343" endtime="20210508 03:46:51.343"/>
</kw>
<kw name="Exit For Loop If" library="BuiltIn">
<arg>"${result}" == "True"</arg>
<doc>Stops executing the enclosing for loop if the ``condition`` is true.</doc>
<status status="PASS" starttime="20210508 03:46:51.343" endtime="20210508 03:46:51.344"/>
</kw>
<status status="PASS" starttime="20210508 03:46:51.333" endtime="20210508 03:46:51.344"/>
</iter>
<iter>
<var name="${value}">7</var>
<kw name="Convert To String" library="BuiltIn">
<var>${index}</var>
<arg>${value}</arg>
<doc>Converts the given item to a Unicode string.</doc>
<msg timestamp="20210508 03:46:51.344" level="INFO">${index} = 7</msg>
<status status="PASS" starttime="20210508 03:46:51.344" endtime="20210508 03:46:51.344"/>
</kw>
<kw name="Replace String" library="String">
<var>${string}</var>
<arg>${pathPatterns}</arg>
<arg>_Replace_</arg>
<arg>${index}</arg>
<doc>Replaces ``search_for`` in the given ``string`` with ``replace_with``.</doc>
<msg timestamp="20210508 03:46:51.345" level="INFO">${string} = //*[@id="completed-tasks"]/li[7]/span[text()='_Replace2_']</msg>
<status status="PASS" starttime="20210508 03:46:51.344" endtime="20210508 03:46:51.345"/>
</kw>
<kw name="Replace String" library="String">
<var>${string}</var>
<arg>${string}</arg>
<arg>_Replace2_</arg>
<arg>${expectedValue}</arg>
<doc>Replaces ``search_for`` in the given ``string`` with ``replace_with``.</doc>
<msg timestamp="20210508 03:46:51.345" level="INFO">${string} = //*[@id="completed-tasks"]/li[7]/span[text()='Addscenario2']</msg>
<status status="PASS" starttime="20210508 03:46:51.345" endtime="20210508 03:46:51.345"/>
</kw>
<kw name="Get Element Count" library="SeleniumLibrary">
<var>${count_target}</var>
<arg>${string}</arg>
<doc>Returns the number of elements matching ``locator``.</doc>
<msg timestamp="20210508 03:46:51.353" level="INFO">${count_target} = 0</msg>
<status status="PASS" starttime="20210508 03:46:51.345" endtime="20210508 03:46:51.353"/>
</kw>
<kw name="Evaluate" library="BuiltIn">
<var>${result}</var>
<arg>"${count_target}" == "1"</arg>
<doc>Evaluates the given expression in Python and returns the result.</doc>
<msg timestamp="20210508 03:46:51.354" level="INFO">${result} = False</msg>
<status status="PASS" starttime="20210508 03:46:51.353" endtime="20210508 03:46:51.354"/>
</kw>
<kw name="Exit For Loop If" library="BuiltIn">
<arg>"${result}" == "True"</arg>
<doc>Stops executing the enclosing for loop if the ``condition`` is true.</doc>
<status status="PASS" starttime="20210508 03:46:51.354" endtime="20210508 03:46:51.354"/>
</kw>
<status status="PASS" starttime="20210508 03:46:51.344" endtime="20210508 03:46:51.354"/>
</iter>
<iter>
<var name="${value}">8</var>
<kw name="Convert To String" library="BuiltIn">
<var>${index}</var>
<arg>${value}</arg>
<doc>Converts the given item to a Unicode string.</doc>
<msg timestamp="20210508 03:46:51.355" level="INFO">${index} = 8</msg>
<status status="PASS" starttime="20210508 03:46:51.354" endtime="20210508 03:46:51.355"/>
</kw>
<kw name="Replace String" library="String">
<var>${string}</var>
<arg>${pathPatterns}</arg>
<arg>_Replace_</arg>
<arg>${index}</arg>
<doc>Replaces ``search_for`` in the given ``string`` with ``replace_with``.</doc>
<msg timestamp="20210508 03:46:51.355" level="INFO">${string} = //*[@id="completed-tasks"]/li[8]/span[text()='_Replace2_']</msg>
<status status="PASS" starttime="20210508 03:46:51.355" endtime="20210508 03:46:51.355"/>
</kw>
<kw name="Replace String" library="String">
<var>${string}</var>
<arg>${string}</arg>
<arg>_Replace2_</arg>
<arg>${expectedValue}</arg>
<doc>Replaces ``search_for`` in the given ``string`` with ``replace_with``.</doc>
<msg timestamp="20210508 03:46:51.356" level="INFO">${string} = //*[@id="completed-tasks"]/li[8]/span[text()='Addscenario2']</msg>
<status status="PASS" starttime="20210508 03:46:51.355" endtime="20210508 03:46:51.356"/>
</kw>
<kw name="Get Element Count" library="SeleniumLibrary">
<var>${count_target}</var>
<arg>${string}</arg>
<doc>Returns the number of elements matching ``locator``.</doc>
<msg timestamp="20210508 03:46:51.364" level="INFO">${count_target} = 0</msg>
<status status="PASS" starttime="20210508 03:46:51.356" endtime="20210508 03:46:51.364"/>
</kw>
<kw name="Evaluate" library="BuiltIn">
<var>${result}</var>
<arg>"${count_target}" == "1"</arg>
<doc>Evaluates the given expression in Python and returns the result.</doc>
<msg timestamp="20210508 03:46:51.364" level="INFO">${result} = False</msg>
<status status="PASS" starttime="20210508 03:46:51.364" endtime="20210508 03:46:51.364"/>
</kw>
<kw name="Exit For Loop If" library="BuiltIn">
<arg>"${result}" == "True"</arg>
<doc>Stops executing the enclosing for loop if the ``condition`` is true.</doc>
<status status="PASS" starttime="20210508 03:46:51.364" endtime="20210508 03:46:51.365"/>
</kw>
<status status="PASS" starttime="20210508 03:46:51.354" endtime="20210508 03:46:51.365"/>
</iter>
<iter>
<var name="${value}">9</var>
<kw name="Convert To String" library="BuiltIn">
<var>${index}</var>
<arg>${value}</arg>
<doc>Converts the given item to a Unicode string.</doc>
<msg timestamp="20210508 03:46:51.365" level="INFO">${index} = 9</msg>
<status status="PASS" starttime="20210508 03:46:51.365" endtime="20210508 03:46:51.365"/>
</kw>
<kw name="Replace String" library="String">
<var>${string}</var>
<arg>${pathPatterns}</arg>
<arg>_Replace_</arg>
<arg>${index}</arg>
<doc>Replaces ``search_for`` in the given ``string`` with ``replace_with``.</doc>
<msg timestamp="20210508 03:46:51.366" level="INFO">${string} = //*[@id="completed-tasks"]/li[9]/span[text()='_Replace2_']</msg>
<status status="PASS" starttime="20210508 03:46:51.365" endtime="20210508 03:46:51.366"/>
</kw>
<kw name="Replace String" library="String">
<var>${string}</var>
<arg>${string}</arg>
<arg>_Replace2_</arg>
<arg>${expectedValue}</arg>
<doc>Replaces ``search_for`` in the given ``string`` with ``replace_with``.</doc>
<msg timestamp="20210508 03:46:51.367" level="INFO">${string} = //*[@id="completed-tasks"]/li[9]/span[text()='Addscenario2']</msg>
<status status="PASS" starttime="20210508 03:46:51.366" endtime="20210508 03:46:51.367"/>
</kw>
<kw name="Get Element Count" library="SeleniumLibrary">
<var>${count_target}</var>
<arg>${string}</arg>
<doc>Returns the number of elements matching ``locator``.</doc>
<msg timestamp="20210508 03:46:51.375" level="INFO">${count_target} = 0</msg>
<status status="PASS" starttime="20210508 03:46:51.367" endtime="20210508 03:46:51.375"/>
</kw>
<kw name="Evaluate" library="BuiltIn">
<var>${result}</var>
<arg>"${count_target}" == "1"</arg>
<doc>Evaluates the given expression in Python and returns the result.</doc>
<msg timestamp="20210508 03:46:51.375" level="INFO">${result} = False</msg>
<status status="PASS" starttime="20210508 03:46:51.375" endtime="20210508 03:46:51.375"/>
</kw>
<kw name="Exit For Loop If" library="BuiltIn">
<arg>"${result}" == "True"</arg>
<doc>Stops executing the enclosing for loop if the ``condition`` is true.</doc>
<status status="PASS" starttime="20210508 03:46:51.375" endtime="20210508 03:46:51.376"/>
</kw>
<status status="PASS" starttime="20210508 03:46:51.365" endtime="20210508 03:46:51.376"/>
</iter>
<iter>
<var name="${value}">10</var>
<kw name="Convert To String" library="BuiltIn">
<var>${index}</var>
<arg>${value}</arg>
<doc>Converts the given item to a Unicode string.</doc>
<msg timestamp="20210508 03:46:51.376" level="INFO">${index} = 10</msg>
<status status="PASS" starttime="20210508 03:46:51.376" endtime="20210508 03:46:51.376"/>
</kw>
<kw name="Replace String" library="String">
<var>${string}</var>
<arg>${pathPatterns}</arg>
<arg>_Replace_</arg>
<arg>${index}</arg>
<doc>Replaces ``search_for`` in the given ``string`` with ``replace_with``.</doc>
<msg timestamp="20210508 03:46:51.377" level="INFO">${string} = //*[@id="completed-tasks"]/li[10]/span[text()='_Replace2_']</msg>
<status status="PASS" starttime="20210508 03:46:51.376" endtime="20210508 03:46:51.377"/>
</kw>
<kw name="Replace String" library="String">
<var>${string}</var>
<arg>${string}</arg>
<arg>_Replace2_</arg>
<arg>${expectedValue}</arg>
<doc>Replaces ``search_for`` in the given ``string`` with ``replace_with``.</doc>
<msg timestamp="20210508 03:46:51.377" level="INFO">${string} = //*[@id="completed-tasks"]/li[10]/span[text()='Addscenario2']</msg>
<status status="PASS" starttime="20210508 03:46:51.377" endtime="20210508 03:46:51.377"/>
</kw>
<kw name="Get Element Count" library="SeleniumLibrary">
<var>${count_target}</var>
<arg>${string}</arg>
<doc>Returns the number of elements matching ``locator``.</doc>
<msg timestamp="20210508 03:46:51.385" level="INFO">${count_target} = 0</msg>
<status status="PASS" starttime="20210508 03:46:51.377" endtime="20210508 03:46:51.385"/>
</kw>
<kw name="Evaluate" library="BuiltIn">
<var>${result}</var>
<arg>"${count_target}" == "1"</arg>
<doc>Evaluates the given expression in Python and returns the result.</doc>
<msg timestamp="20210508 03:46:51.385" level="INFO">${result} = False</msg>
<status status="PASS" starttime="20210508 03:46:51.385" endtime="20210508 03:46:51.385"/>
</kw>
<kw name="Exit For Loop If" library="BuiltIn">
<arg>"${result}" == "True"</arg>
<doc>Stops executing the enclosing for loop if the ``condition`` is true.</doc>
<status status="PASS" starttime="20210508 03:46:51.385" endtime="20210508 03:46:51.386"/>
</kw>
<status status="PASS" starttime="20210508 03:46:51.376" endtime="20210508 03:46:51.386"/>
</iter>
<iter>
<var name="${value}">11</var>
<kw name="Convert To String" library="BuiltIn">
<var>${index}</var>
<arg>${value}</arg>
<doc>Converts the given item to a Unicode string.</doc>
<msg timestamp="20210508 03:46:51.386" level="INFO">${index} = 11</msg>
<status status="PASS" starttime="20210508 03:46:51.386" endtime="20210508 03:46:51.387"/>
</kw>
<kw name="Replace String" library="String">
<var>${string}</var>
<arg>${pathPatterns}</arg>
<arg>_Replace_</arg>
<arg>${index}</arg>
<doc>Replaces ``search_for`` in the given ``string`` with ``replace_with``.</doc>
<msg timestamp="20210508 03:46:51.387" level="INFO">${string} = //*[@id="completed-tasks"]/li[11]/span[text()='_Replace2_']</msg>
<status status="PASS" starttime="20210508 03:46:51.387" endtime="20210508 03:46:51.387"/>
</kw>
<kw name="Replace String" library="String">
<var>${string}</var>
<arg>${string}</arg>
<arg>_Replace2_</arg>
<arg>${expectedValue}</arg>
<doc>Replaces ``search_for`` in the given ``string`` with ``replace_with``.</doc>
<msg timestamp="20210508 03:46:51.387" level="INFO">${string} = //*[@id="completed-tasks"]/li[11]/span[text()='Addscenario2']</msg>
<status status="PASS" starttime="20210508 03:46:51.387" endtime="20210508 03:46:51.387"/>
</kw>
<kw name="Get Element Count" library="SeleniumLibrary">
<var>${count_target}</var>
<arg>${string}</arg>
<doc>Returns the number of elements matching ``locator``.</doc>
<msg timestamp="20210508 03:46:51.396" level="INFO">${count_target} = 0</msg>
<status status="PASS" starttime="20210508 03:46:51.387" endtime="20210508 03:46:51.396"/>
</kw>
<kw name="Evaluate" library="BuiltIn">
<var>${result}</var>
<arg>"${count_target}" == "1"</arg>
<doc>Evaluates the given expression in Python and returns the result.</doc>
<msg timestamp="20210508 03:46:51.397" level="INFO">${result} = False</msg>
<status status="PASS" starttime="20210508 03:46:51.396" endtime="20210508 03:46:51.397"/>
</kw>
<kw name="Exit For Loop If" library="BuiltIn">
<arg>"${result}" == "True"</arg>
<doc>Stops executing the enclosing for loop if the ``condition`` is true.</doc>
<status status="PASS" starttime="20210508 03:46:51.397" endtime="20210508 03:46:51.397"/>
</kw>
<status status="PASS" starttime="20210508 03:46:51.386" endtime="20210508 03:46:51.397"/>
</iter>
<iter>
<var name="${value}">12</var>
<kw name="Convert To String" library="BuiltIn">
<var>${index}</var>
<arg>${value}</arg>
<doc>Converts the given item to a Unicode string.</doc>
<msg timestamp="20210508 03:46:51.398" level="INFO">${index} = 12</msg>
<status status="PASS" starttime="20210508 03:46:51.397" endtime="20210508 03:46:51.398"/>
</kw>
<kw name="Replace String" library="String">
<var>${string}</var>
<arg>${pathPatterns}</arg>
<arg>_Replace_</arg>
<arg>${index}</arg>
<doc>Replaces ``search_for`` in the given ``string`` with ``replace_with``.</doc>
<msg timestamp="20210508 03:46:51.398" level="INFO">${string} = //*[@id="completed-tasks"]/li[12]/span[text()='_Replace2_']</msg>
<status status="PASS" starttime="20210508 03:46:51.398" endtime="20210508 03:46:51.398"/>
</kw>
<kw name="Replace String" library="String">
<var>${string}</var>
<arg>${string}</arg>
<arg>_Replace2_</arg>
<arg>${expectedValue}</arg>
<doc>Replaces ``search_for`` in the given ``string`` with ``replace_with``.</doc>
<msg timestamp="20210508 03:46:51.398" level="INFO">${string} = //*[@id="completed-tasks"]/li[12]/span[text()='Addscenario2']</msg>
<status status="PASS" starttime="20210508 03:46:51.398" endtime="20210508 03:46:51.398"/>
</kw>
<kw name="Get Element Count" library="SeleniumLibrary">
<var>${count_target}</var>
<arg>${string}</arg>
<doc>Returns the number of elements matching ``locator``.</doc>
<msg timestamp="20210508 03:46:51.407" level="INFO">${count_target} = 0</msg>
<status status="PASS" starttime="20210508 03:46:51.399" endtime="20210508 03:46:51.407"/>
</kw>
<kw name="Evaluate" library="BuiltIn">
<var>${result}</var>
<arg>"${count_target}" == "1"</arg>
<doc>Evaluates the given expression in Python and returns the result.</doc>
<msg timestamp="20210508 03:46:51.408" level="INFO">${result} = False</msg>
<status status="PASS" starttime="20210508 03:46:51.407" endtime="20210508 03:46:51.408"/>
</kw>
<kw name="Exit For Loop If" library="BuiltIn">
<arg>"${result}" == "True"</arg>
<doc>Stops executing the enclosing for loop if the ``condition`` is true.</doc>
<status status="PASS" starttime="20210508 03:46:51.408" endtime="20210508 03:46:51.408"/>
</kw>
<status status="PASS" starttime="20210508 03:46:51.397" endtime="20210508 03:46:51.408"/>
</iter>
<iter>
<var name="${value}">13</var>
<kw name="Convert To String" library="BuiltIn">
<var>${index}</var>
<arg>${value}</arg>
<doc>Converts the given item to a Unicode string.</doc>
<msg timestamp="20210508 03:46:51.409" level="INFO">${index} = 13</msg>
<status status="PASS" starttime="20210508 03:46:51.408" endtime="20210508 03:46:51.409"/>
</kw>
<kw name="Replace String" library="String">
<var>${string}</var>
<arg>${pathPatterns}</arg>
<arg>_Replace_</arg>
<arg>${index}</arg>
<doc>Replaces ``search_for`` in the given ``string`` with ``replace_with``.</doc>
<msg timestamp="20210508 03:46:51.409" level="INFO">${string} = //*[@id="completed-tasks"]/li[13]/span[text()='_Replace2_']</msg>
<status status="PASS" starttime="20210508 03:46:51.409" endtime="20210508 03:46:51.409"/>
</kw>
<kw name="Replace String" library="String">
<var>${string}</var>
<arg>${string}</arg>
<arg>_Replace2_</arg>
<arg>${expectedValue}</arg>
<doc>Replaces ``search_for`` in the given ``string`` with ``replace_with``.</doc>
<msg timestamp="20210508 03:46:51.409" level="INFO">${string} = //*[@id="completed-tasks"]/li[13]/span[text()='Addscenario2']</msg>
<status status="PASS" starttime="20210508 03:46:51.409" endtime="20210508 03:46:51.409"/>
</kw>
<kw name="Get Element Count" library="SeleniumLibrary">
<var>${count_target}</var>
<arg>${string}</arg>
<doc>Returns the number of elements matching ``locator``.</doc>
<msg timestamp="20210508 03:46:51.418" level="INFO">${count_target} = 0</msg>
<status status="PASS" starttime="20210508 03:46:51.410" endtime="20210508 03:46:51.418"/>
</kw>
<kw name="Evaluate" library="BuiltIn">
<var>${result}</var>
<arg>"${count_target}" == "1"</arg>
<doc>Evaluates the given expression in Python and returns the result.</doc>
<msg timestamp="20210508 03:46:51.418" level="INFO">${result} = False</msg>
<status status="PASS" starttime="20210508 03:46:51.418" endtime="20210508 03:46:51.418"/>
</kw>
<kw name="Exit For Loop If" library="BuiltIn">
<arg>"${result}" == "True"</arg>
<doc>Stops executing the enclosing for loop if the ``condition`` is true.</doc>
<status status="PASS" starttime="20210508 03:46:51.418" endtime="20210508 03:46:51.419"/>
</kw>
<status status="PASS" starttime="20210508 03:46:51.408" endtime="20210508 03:46:51.419"/>
</iter>
<iter>
<var name="${value}">14</var>
<kw name="Convert To String" library="BuiltIn">
<var>${index}</var>
<arg>${value}</arg>
<doc>Converts the given item to a Unicode string.</doc>
<msg timestamp="20210508 03:46:51.419" level="INFO">${index} = 14</msg>
<status status="PASS" starttime="20210508 03:46:51.419" endtime="20210508 03:46:51.419"/>
</kw>
<kw name="Replace String" library="String">
<var>${string}</var>
<arg>${pathPatterns}</arg>
<arg>_Replace_</arg>
<arg>${index}</arg>
<doc>Replaces ``search_for`` in the given ``string`` with ``replace_with``.</doc>
<msg timestamp="20210508 03:46:51.420" level="INFO">${string} = //*[@id="completed-tasks"]/li[14]/span[text()='_Replace2_']</msg>
<status status="PASS" starttime="20210508 03:46:51.419" endtime="20210508 03:46:51.420"/>
</kw>
<kw name="Replace String" library="String">
<var>${string}</var>
<arg>${string}</arg>
<arg>_Replace2_</arg>
<arg>${expectedValue}</arg>
<doc>Replaces ``search_for`` in the given ``string`` with ``replace_with``.</doc>
<msg timestamp="20210508 03:46:51.420" level="INFO">${string} = //*[@id="completed-tasks"]/li[14]/span[text()='Addscenario2']</msg>
<status status="PASS" starttime="20210508 03:46:51.420" endtime="20210508 03:46:51.420"/>
</kw>
<kw name="Get Element Count" library="SeleniumLibrary">
<var>${count_target}</var>
<arg>${string}</arg>
<doc>Returns the number of elements matching ``locator``.</doc>
<msg timestamp="20210508 03:46:51.429" level="INFO">${count_target} = 0</msg>
<status status="PASS" starttime="20210508 03:46:51.420" endtime="20210508 03:46:51.429"/>
</kw>
<kw name="Evaluate" library="BuiltIn">
<var>${result}</var>
<arg>"${count_target}" == "1"</arg>
<doc>Evaluates the given expression in Python and returns the result.</doc>
<msg timestamp="20210508 03:46:51.430" level="INFO">${result} = False</msg>
<status status="PASS" starttime="20210508 03:46:51.429" endtime="20210508 03:46:51.430"/>
</kw>
<kw name="Exit For Loop If" library="BuiltIn">
<arg>"${result}" == "True"</arg>
<doc>Stops executing the enclosing for loop if the ``condition`` is true.</doc>
<status status="PASS" starttime="20210508 03:46:51.430" endtime="20210508 03:46:51.430"/>
</kw>
<status status="PASS" starttime="20210508 03:46:51.419" endtime="20210508 03:46:51.430"/>
</iter>
<iter>
<var name="${value}">15</var>
<kw name="Convert To String" library="BuiltIn">
<var>${index}</var>
<arg>${value}</arg>
<doc>Converts the given item to a Unicode string.</doc>
<msg timestamp="20210508 03:46:51.431" level="INFO">${index} = 15</msg>
<status status="PASS" starttime="20210508 03:46:51.430" endtime="20210508 03:46:51.431"/>
</kw>
<kw name="Replace String" library="String">
<var>${string}</var>
<arg>${pathPatterns}</arg>
<arg>_Replace_</arg>
<arg>${index}</arg>
<doc>Replaces ``search_for`` in the given ``string`` with ``replace_with``.</doc>
<msg timestamp="20210508 03:46:51.431" level="INFO">${string} = //*[@id="completed-tasks"]/li[15]/span[text()='_Replace2_']</msg>
<status status="PASS" starttime="20210508 03:46:51.431" endtime="20210508 03:46:51.431"/>
</kw>
<kw name="Replace String" library="String">
<var>${string}</var>
<arg>${string}</arg>
<arg>_Replace2_</arg>
<arg>${expectedValue}</arg>
<doc>Replaces ``search_for`` in the given ``string`` with ``replace_with``.</doc>
<msg timestamp="20210508 03:46:51.432" level="INFO">${string} = //*[@id="completed-tasks"]/li[15]/span[text()='Addscenario2']</msg>
<status status="PASS" starttime="20210508 03:46:51.431" endtime="20210508 03:46:51.432"/>
</kw>
<kw name="Get Element Count" library="SeleniumLibrary">
<var>${count_target}</var>
<arg>${string}</arg>
<doc>Returns the number of elements matching ``locator``.</doc>
<msg timestamp="20210508 03:46:51.441" level="INFO">${count_target} = 0</msg>
<status status="PASS" starttime="20210508 03:46:51.432" endtime="20210508 03:46:51.441"/>
</kw>
<kw name="Evaluate" library="BuiltIn">
<var>${result}</var>
<arg>"${count_target}" == "1"</arg>
<doc>Evaluates the given expression in Python and returns the result.</doc>
<msg timestamp="20210508 03:46:51.442" level="INFO">${result} = False</msg>
<status status="PASS" starttime="20210508 03:46:51.442" endtime="20210508 03:46:51.442"/>
</kw>
<kw name="Exit For Loop If" library="BuiltIn">
<arg>"${result}" == "True"</arg>
<doc>Stops executing the enclosing for loop if the ``condition`` is true.</doc>
<status status="PASS" starttime="20210508 03:46:51.442" endtime="20210508 03:46:51.443"/>
</kw>
<status status="PASS" starttime="20210508 03:46:51.430" endtime="20210508 03:46:51.443"/>
</iter>
<iter>
<var name="${value}">16</var>
<kw name="Convert To String" library="BuiltIn">
<var>${index}</var>
<arg>${value}</arg>
<doc>Converts the given item to a Unicode string.</doc>
<msg timestamp="20210508 03:46:51.443" level="INFO">${index} = 16</msg>
<status status="PASS" starttime="20210508 03:46:51.443" endtime="20210508 03:46:51.443"/>
</kw>
<kw name="Replace String" library="String">
<var>${string}</var>
<arg>${pathPatterns}</arg>
<arg>_Replace_</arg>
<arg>${index}</arg>
<doc>Replaces ``search_for`` in the given ``string`` with ``replace_with``.</doc>
<msg timestamp="20210508 03:46:51.444" level="INFO">${string} = //*[@id="completed-tasks"]/li[16]/span[text()='_Replace2_']</msg>
<status status="PASS" starttime="20210508 03:46:51.443" endtime="20210508 03:46:51.444"/>
</kw>
<kw name="Replace String" library="String">
<var>${string}</var>
<arg>${string}</arg>
<arg>_Replace2_</arg>
<arg>${expectedValue}</arg>
<doc>Replaces ``search_for`` in the given ``string`` with ``replace_with``.</doc>
<msg timestamp="20210508 03:46:51.444" level="INFO">${string} = //*[@id="completed-tasks"]/li[16]/span[text()='Addscenario2']</msg>
<status status="PASS" starttime="20210508 03:46:51.444" endtime="20210508 03:46:51.444"/>
</kw>
<kw name="Get Element Count" library="SeleniumLibrary">
<var>${count_target}</var>
<arg>${string}</arg>
<doc>Returns the number of elements matching ``locator``.</doc>
<msg timestamp="20210508 03:46:51.452" level="INFO">${count_target} = 0</msg>
<status status="PASS" starttime="20210508 03:46:51.444" endtime="20210508 03:46:51.452"/>
</kw>
<kw name="Evaluate" library="BuiltIn">
<var>${result}</var>
<arg>"${count_target}" == "1"</arg>
<doc>Evaluates the given expression in Python and returns the result.</doc>
<msg timestamp="20210508 03:46:51.453" level="INFO">${result} = False</msg>
<status status="PASS" starttime="20210508 03:46:51.452" endtime="20210508 03:46:51.453"/>
</kw>
<kw name="Exit For Loop If" library="BuiltIn">
<arg>"${result}" == "True"</arg>
<doc>Stops executing the enclosing for loop if the ``condition`` is true.</doc>
<status status="PASS" starttime="20210508 03:46:51.453" endtime="20210508 03:46:51.453"/>
</kw>
<status status="PASS" starttime="20210508 03:46:51.443" endtime="20210508 03:46:51.453"/>
</iter>
<iter>
<var name="${value}">17</var>
<kw name="Convert To String" library="BuiltIn">
<var>${index}</var>
<arg>${value}</arg>
<doc>Converts the given item to a Unicode string.</doc>
<msg timestamp="20210508 03:46:51.453" level="INFO">${index} = 17</msg>
<status status="PASS" starttime="20210508 03:46:51.453" endtime="20210508 03:46:51.454"/>
</kw>
<kw name="Replace String" library="String">
<var>${string}</var>
<arg>${pathPatterns}</arg>
<arg>_Replace_</arg>
<arg>${index}</arg>
<doc>Replaces ``search_for`` in the given ``string`` with ``replace_with``.</doc>
<msg timestamp="20210508 03:46:51.454" level="INFO">${string} = //*[@id="completed-tasks"]/li[17]/span[text()='_Replace2_']</msg>
<status status="PASS" starttime="20210508 03:46:51.454" endtime="20210508 03:46:51.454"/>
</kw>
[...]
<msg timestamp="20210508 03:47:20.507" level="INFO">${result} = False</msg>
<status status="PASS" starttime="20210508 03:47:20.506" endtime="20210508 03:47:20.507"/>
</kw>
<kw name="Exit For Loop If" library="BuiltIn">
<arg>"${result}" == "True"</arg>
<doc>Stops executing the enclosing for loop if the ``condition`` is true.</doc>
<status status="PASS" starttime="20210508 03:47:20.507" endtime="20210508 03:47:20.507"/>
</kw>
<status status="PASS" starttime="20210508 03:47:20.497" endtime="20210508 03:47:20.507"/>
</iter>
<iter>
<var name="${value}">42</var>
<kw name="Convert To String" library="BuiltIn">
<var>${index}</var>
<arg>${value}</arg>
<doc>Converts the given item to a Unicode string.</doc>
<msg timestamp="20210508 03:47:20.508" level="INFO">${index} = 42</msg>
<status status="PASS" starttime="20210508 03:47:20.507" endtime="20210508 03:47:20.508"/>
</kw>
<kw name="Replace String" library="String">
<var>${string}</var>
<arg>${pathPatterns}</arg>
<arg>_Replace_</arg>
<arg>${index}</arg>
<doc>Replaces ``search_for`` in the given ``string`` with ``replace_with``.</doc>
<msg timestamp="20210508 03:47:20.508" level="INFO">${string} = //*[@id="text-42" and text()='_Replace2_']</msg>
<status status="PASS" starttime="20210508 03:47:20.508" endtime="20210508 03:47:20.508"/>
</kw>
<kw name="Replace String" library="String">
<var>${string}</var>
<arg>${string}</arg>
<arg>_Replace2_</arg>
<arg>${expectedValue}</arg>
<doc>Replaces ``search_for`` in the given ``string`` with ``replace_with``.</doc>
<msg timestamp="20210508 03:47:20.509" level="INFO">${string} = //*[@id="text-42" and text()='Addscenario3']</msg>
<status status="PASS" starttime="20210508 03:47:20.508" endtime="20210508 03:47:20.509"/>
</kw>
<kw name="Get Element Count" library="SeleniumLibrary">
<var>${count_target}</var>
<arg>${string}</arg>
<doc>Returns the number of elements matching ``locator``.</doc>
<msg timestamp="20210508 03:47:20.516" level="INFO">${count_target} = 0</msg>
<status status="PASS" starttime="20210508 03:47:20.509" endtime="20210508 03:47:20.516"/>
</kw>
<kw name="Evaluate" library="BuiltIn">
<var>${result}</var>
<arg>"${count_target}" == "1"</arg>
<doc>Evaluates the given expression in Python and returns the result.</doc>
<msg timestamp="20210508 03:47:20.517" level="INFO">${result} = False</msg>
<status status="PASS" starttime="20210508 03:47:20.516" endtime="20210508 03:47:20.517"/>
</kw>
<kw name="Exit For Loop If" library="BuiltIn">
<arg>"${result}" == "True"</arg>
<doc>Stops executing the enclosing for loop if the ``condition`` is true.</doc>
<status status="PASS" starttime="20210508 03:47:20.517" endtime="20210508 03:47:20.517"/>
</kw>
<status status="PASS" starttime="20210508 03:47:20.507" endtime="20210508 03:47:20.517"/>
</iter>
<iter>
<var name="${value}">43</var>
<kw name="Convert To String" library="BuiltIn">
<var>${index}</var>
<arg>${value}</arg>
<doc>Converts the given item to a Unicode string.</doc>
<msg timestamp="20210508 03:47:20.518" level="INFO">${index} = 43</msg>
<status status="PASS" starttime="20210508 03:47:20.518" endtime="20210508 03:47:20.518"/>
</kw>
<kw name="Replace String" library="String">
<var>${string}</var>
<arg>${pathPatterns}</arg>
<arg>_Replace_</arg>
<arg>${index}</arg>
<doc>Replaces ``search_for`` in the given ``string`` with ``replace_with``.</doc>
<msg timestamp="20210508 03:47:20.518" level="INFO">${string} = //*[@id="text-43" and text()='_Replace2_']</msg>
<status status="PASS" starttime="20210508 03:47:20.518" endtime="20210508 03:47:20.518"/>
</kw>
<kw name="Replace String" library="String">
<var>${string}</var>
<arg>${string}</arg>
<arg>_Replace2_</arg>
<arg>${expectedValue}</arg>
<doc>Replaces ``search_for`` in the given ``string`` with ``replace_with``.</doc>
<msg timestamp="20210508 03:47:20.519" level="INFO">${string} = //*[@id="text-43" and text()='Addscenario3']</msg>
<status status="PASS" starttime="20210508 03:47:20.518" endtime="20210508 03:47:20.519"/>
</kw>
<kw name="Get Element Count" library="SeleniumLibrary">
<var>${count_target}</var>
<arg>${string}</arg>
<doc>Returns the number of elements matching ``locator``.</doc>
<msg timestamp="20210508 03:47:20.527" level="INFO">${count_target} = 0</msg>
<status status="PASS" starttime="20210508 03:47:20.519" endtime="20210508 03:47:20.527"/>
</kw>
<kw name="Evaluate" library="BuiltIn">
<var>${result}</var>
<arg>"${count_target}" == "1"</arg>
<doc>Evaluates the given expression in Python and returns the result.</doc>
<msg timestamp="20210508 03:47:20.528" level="INFO">${result} = False</msg>
<status status="PASS" starttime="20210508 03:47:20.527" endtime="20210508 03:47:20.528"/>
</kw>
<kw name="Exit For Loop If" library="BuiltIn">
<arg>"${result}" == "True"</arg>
<doc>Stops executing the enclosing for loop if the ``condition`` is true.</doc>
<status status="PASS" starttime="20210508 03:47:20.528" endtime="20210508 03:47:20.529"/>
</kw>
<status status="PASS" starttime="20210508 03:47:20.517" endtime="20210508 03:47:20.529"/>
</iter>
<iter>
<var name="${value}">44</var>
<kw name="Convert To String" library="BuiltIn">
<var>${index}</var>
<arg>${value}</arg>
<doc>Converts the given item to a Unicode string.</doc>
<msg timestamp="20210508 03:47:20.529" level="INFO">${index} = 44</msg>
<status status="PASS" starttime="20210508 03:47:20.529" endtime="20210508 03:47:20.529"/>
</kw>
<kw name="Replace String" library="String">
<var>${string}</var>
<arg>${pathPatterns}</arg>
<arg>_Replace_</arg>
<arg>${index}</arg>
<doc>Replaces ``search_for`` in the given ``string`` with ``replace_with``.</doc>
<msg timestamp="20210508 03:47:20.530" level="INFO">${string} = //*[@id="text-44" and text()='_Replace2_']</msg>
<status status="PASS" starttime="20210508 03:47:20.529" endtime="20210508 03:47:20.530"/>
</kw>
<kw name="Replace String" library="String">
<var>${string}</var>
<arg>${string}</arg>
<arg>_Replace2_</arg>
<arg>${expectedValue}</arg>
<doc>Replaces ``search_for`` in the given ``string`` with ``replace_with``.</doc>
<msg timestamp="20210508 03:47:20.530" level="INFO">${string} = //*[@id="text-44" and text()='Addscenario3']</msg>
<status status="PASS" starttime="20210508 03:47:20.530" endtime="20210508 03:47:20.530"/>
</kw>
<kw name="Get Element Count" library="SeleniumLibrary">
<var>${count_target}</var>
<arg>${string}</arg>
<doc>Returns the number of elements matching ``locator``.</doc>
<msg timestamp="20210508 03:47:20.539" level="INFO">${count_target} = 0</msg>
<status status="PASS" starttime="20210508 03:47:20.531" endtime="20210508 03:47:20.539"/>
</kw>
<kw name="Evaluate" library="BuiltIn">
<var>${result}</var>
<arg>"${count_target}" == "1"</arg>
<doc>Evaluates the given expression in Python and returns the result.</doc>
<msg timestamp="20210508 03:47:20.540" level="INFO">${result} = False</msg>
<status status="PASS" starttime="20210508 03:47:20.539" endtime="20210508 03:47:20.540"/>
</kw>
<kw name="Exit For Loop If" library="BuiltIn">
<arg>"${result}" == "True"</arg>
<doc>Stops executing the enclosing for loop if the ``condition`` is true.</doc>
<status status="PASS" starttime="20210508 03:47:20.540" endtime="20210508 03:47:20.540"/>
</kw>
<status status="PASS" starttime="20210508 03:47:20.529" endtime="20210508 03:47:20.540"/>
</iter>
<iter>
<var name="${value}">45</var>
<kw name="Convert To String" library="BuiltIn">
<var>${index}</var>
<arg>${value}</arg>
<doc>Converts the given item to a Unicode string.</doc>
<msg timestamp="20210508 03:47:20.541" level="INFO">${index} = 45</msg>
<status status="PASS" starttime="20210508 03:47:20.540" endtime="20210508 03:47:20.541"/>
</kw>
<kw name="Replace String" library="String">
<var>${string}</var>
<arg>${pathPatterns}</arg>
<arg>_Replace_</arg>
<arg>${index}</arg>
<doc>Replaces ``search_for`` in the given ``string`` with ``replace_with``.</doc>
<msg timestamp="20210508 03:47:20.541" level="INFO">${string} = //*[@id="text-45" and text()='_Replace2_']</msg>
<status status="PASS" starttime="20210508 03:47:20.541" endtime="20210508 03:47:20.541"/>
</kw>
<kw name="Replace String" library="String">
<var>${string}</var>
<arg>${string}</arg>
<arg>_Replace2_</arg>
<arg>${expectedValue}</arg>
<doc>Replaces ``search_for`` in the given ``string`` with ``replace_with``.</doc>
<msg timestamp="20210508 03:47:20.541" level="INFO">${string} = //*[@id="text-45" and text()='Addscenario3']</msg>
<status status="PASS" starttime="20210508 03:47:20.541" endtime="20210508 03:47:20.541"/>
</kw>
<kw name="Get Element Count" library="SeleniumLibrary">
<var>${count_target}</var>
<arg>${string}</arg>
<doc>Returns the number of elements matching ``locator``.</doc>
<msg timestamp="20210508 03:47:20.550" level="INFO">${count_target} = 0</msg>
<status status="PASS" starttime="20210508 03:47:20.542" endtime="20210508 03:47:20.550"/>
</kw>
<kw name="Evaluate" library="BuiltIn">
<var>${result}</var>
<arg>"${count_target}" == "1"</arg>
<doc>Evaluates the given expression in Python and returns the result.</doc>
<msg timestamp="20210508 03:47:20.550" level="INFO">${result} = False</msg>
<status status="PASS" starttime="20210508 03:47:20.550" endtime="20210508 03:47:20.550"/>
</kw>
<kw name="Exit For Loop If" library="BuiltIn">
<arg>"${result}" == "True"</arg>
<doc>Stops executing the enclosing for loop if the ``condition`` is true.</doc>
<status status="PASS" starttime="20210508 03:47:20.550" endtime="20210508 03:47:20.551"/>
</kw>
<status status="PASS" starttime="20210508 03:47:20.540" endtime="20210508 03:47:20.551"/>
</iter>
<iter>
<var name="${value}">46</var>
<kw name="Convert To String" library="BuiltIn">
<var>${index}</var>
<arg>${value}</arg>
<doc>Converts the given item to a Unicode string.</doc>
<msg timestamp="20210508 03:47:20.551" level="INFO">${index} = 46</msg>
<status status="PASS" starttime="20210508 03:47:20.551" endtime="20210508 03:47:20.551"/>
</kw>
<kw name="Replace String" library="String">
<var>${string}</var>
<arg>${pathPatterns}</arg>
<arg>_Replace_</arg>
<arg>${index}</arg>
<doc>Replaces ``search_for`` in the given ``string`` with ``replace_with``.</doc>
<msg timestamp="20210508 03:47:20.552" level="INFO">${string} = //*[@id="text-46" and text()='_Replace2_']</msg>
<status status="PASS" starttime="20210508 03:47:20.551" endtime="20210508 03:47:20.552"/>
</kw>
<kw name="Replace String" library="String">
<var>${string}</var>
<arg>${string}</arg>
<arg>_Replace2_</arg>
<arg>${expectedValue}</arg>
<doc>Replaces ``search_for`` in the given ``string`` with ``replace_with``.</doc>
<msg timestamp="20210508 03:47:20.552" level="INFO">${string} = //*[@id="text-46" and text()='Addscenario3']</msg>
<status status="PASS" starttime="20210508 03:47:20.552" endtime="20210508 03:47:20.552"/>
</kw>
<kw name="Get Element Count" library="SeleniumLibrary">
<var>${count_target}</var>
<arg>${string}</arg>
<doc>Returns the number of elements matching ``locator``.</doc>
<msg timestamp="20210508 03:47:20.560" level="INFO">${count_target} = 0</msg>
<status status="PASS" starttime="20210508 03:47:20.552" endtime="20210508 03:47:20.560"/>
</kw>
<kw name="Evaluate" library="BuiltIn">
<var>${result}</var>
<arg>"${count_target}" == "1"</arg>
<doc>Evaluates the given expression in Python and returns the result.</doc>
<msg timestamp="20210508 03:47:20.560" level="INFO">${result} = False</msg>
<status status="PASS" starttime="20210508 03:47:20.560" endtime="20210508 03:47:20.560"/>
</kw>
<kw name="Exit For Loop If" library="BuiltIn">
<arg>"${result}" == "True"</arg>
<doc>Stops executing the enclosing for loop if the ``condition`` is true.</doc>
<status status="PASS" starttime="20210508 03:47:20.560" endtime="20210508 03:47:20.561"/>
</kw>
<status status="PASS" starttime="20210508 03:47:20.551" endtime="20210508 03:47:20.561"/>
</iter>
<iter>
<var name="${value}">47</var>
<kw name="Convert To String" library="BuiltIn">
<var>${index}</var>
<arg>${value}</arg>
<doc>Converts the given item to a Unicode string.</doc>
<msg timestamp="20210508 03:47:20.561" level="INFO">${index} = 47</msg>
<status status="PASS" starttime="20210508 03:47:20.561" endtime="20210508 03:47:20.561"/>
</kw>
<kw name="Replace String" library="String">
<var>${string}</var>
<arg>${pathPatterns}</arg>
<arg>_Replace_</arg>
<arg>${index}</arg>
<doc>Replaces ``search_for`` in the given ``string`` with ``replace_with``.</doc>
<msg timestamp="20210508 03:47:20.562" level="INFO">${string} = //*[@id="text-47" and text()='_Replace2_']</msg>
<status status="PASS" starttime="20210508 03:47:20.561" endtime="20210508 03:47:20.562"/>
</kw>
<kw name="Replace String" library="String">
<var>${string}</var>
<arg>${string}</arg>
<arg>_Replace2_</arg>
<arg>${expectedValue}</arg>
<doc>Replaces ``search_for`` in the given ``string`` with ``replace_with``.</doc>
<msg timestamp="20210508 03:47:20.562" level="INFO">${string} = //*[@id="text-47" and text()='Addscenario3']</msg>
<status status="PASS" starttime="20210508 03:47:20.562" endtime="20210508 03:47:20.562"/>
</kw>
<kw name="Get Element Count" library="SeleniumLibrary">
<var>${count_target}</var>
<arg>${string}</arg>
<doc>Returns the number of elements matching ``locator``.</doc>
<msg timestamp="20210508 03:47:20.570" level="INFO">${count_target} = 0</msg>
<status status="PASS" starttime="20210508 03:47:20.562" endtime="20210508 03:47:20.570"/>
</kw>
<kw name="Evaluate" library="BuiltIn">
<var>${result}</var>
<arg>"${count_target}" == "1"</arg>
<doc>Evaluates the given expression in Python and returns the result.</doc>
<msg timestamp="20210508 03:47:20.571" level="INFO">${result} = False</msg>
<status status="PASS" starttime="20210508 03:47:20.570" endtime="20210508 03:47:20.571"/>
</kw>
<kw name="Exit For Loop If" library="BuiltIn">
<arg>"${result}" == "True"</arg>
<doc>Stops executing the enclosing for loop if the ``condition`` is true.</doc>
<status status="PASS" starttime="20210508 03:47:20.571" endtime="20210508 03:47:20.571"/>
</kw>
<status status="PASS" starttime="20210508 03:47:20.561" endtime="20210508 03:47:20.571"/>
</iter>
<iter>
<var name="${value}">48</var>
<kw name="Convert To String" library="BuiltIn">
<var>${index}</var>
<arg>${value}</arg>
<doc>Converts the given item to a Unicode string.</doc>
<msg timestamp="20210508 03:47:20.572" level="INFO">${index} = 48</msg>
<status status="PASS" starttime="20210508 03:47:20.571" endtime="20210508 03:47:20.572"/>
</kw>
<kw name="Replace String" library="String">
<var>${string}</var>
<arg>${pathPatterns}</arg>
<arg>_Replace_</arg>
<arg>${index}</arg>
<doc>Replaces ``search_for`` in the given ``string`` with ``replace_with``.</doc>
<msg timestamp="20210508 03:47:20.572" level="INFO">${string} = //*[@id="text-48" and text()='_Replace2_']</msg>
<status status="PASS" starttime="20210508 03:47:20.572" endtime="20210508 03:47:20.572"/>
</kw>
<kw name="Replace String" library="String">
<var>${string}</var>
<arg>${string}</arg>
<arg>_Replace2_</arg>
<arg>${expectedValue}</arg>
<doc>Replaces ``search_for`` in the given ``string`` with ``replace_with``.</doc>
<msg timestamp="20210508 03:47:20.572" level="INFO">${string} = //*[@id="text-48" and text()='Addscenario3']</msg>
<status status="PASS" starttime="20210508 03:47:20.572" endtime="20210508 03:47:20.572"/>
</kw>
<kw name="Get Element Count" library="SeleniumLibrary">
<var>${count_target}</var>
<arg>${string}</arg>
<doc>Returns the number of elements matching ``locator``.</doc>
<msg timestamp="20210508 03:47:20.580" level="INFO">${count_target} = 0</msg>
<status status="PASS" starttime="20210508 03:47:20.572" endtime="20210508 03:47:20.580"/>
</kw>
<kw name="Evaluate" library="BuiltIn">
<var>${result}</var>
<arg>"${count_target}" == "1"</arg>
<doc>Evaluates the given expression in Python and returns the result.</doc>
<msg timestamp="20210508 03:47:20.580" level="INFO">${result} = False</msg>
<status status="PASS" starttime="20210508 03:47:20.580" endtime="20210508 03:47:20.581"/>
</kw>
<kw name="Exit For Loop If" library="BuiltIn">
<arg>"${result}" == "True"</arg>
<doc>Stops executing the enclosing for loop if the ``condition`` is true.</doc>
<status status="PASS" starttime="20210508 03:47:20.581" endtime="20210508 03:47:20.581"/>
</kw>
<status status="PASS" starttime="20210508 03:47:20.571" endtime="20210508 03:47:20.581"/>
</iter>
<iter>
<var name="${value}">49</var>
<kw name="Convert To String" library="BuiltIn">
<var>${index}</var>
<arg>${value}</arg>
<doc>Converts the given item to a Unicode string.</doc>
<msg timestamp="20210508 03:47:20.582" level="INFO">${index} = 49</msg>
<status status="PASS" starttime="20210508 03:47:20.582" endtime="20210508 03:47:20.582"/>
</kw>
<kw name="Replace String" library="String">
<var>${string}</var>
<arg>${pathPatterns}</arg>
<arg>_Replace_</arg>
<arg>${index}</arg>
<doc>Replaces ``search_for`` in the given ``string`` with ``replace_with``.</doc>
<msg timestamp="20210508 03:47:20.582" level="INFO">${string} = //*[@id="text-49" and text()='_Replace2_']</msg>
<status status="PASS" starttime="20210508 03:47:20.582" endtime="20210508 03:47:20.582"/>
</kw>
<kw name="Replace String" library="String">
<var>${string}</var>
<arg>${string}</arg>
<arg>_Replace2_</arg>
<arg>${expectedValue}</arg>
<doc>Replaces ``search_for`` in the given ``string`` with ``replace_with``.</doc>
<msg timestamp="20210508 03:47:20.583" level="INFO">${string} = //*[@id="text-49" and text()='Addscenario3']</msg>
<status status="PASS" starttime="20210508 03:47:20.582" endtime="20210508 03:47:20.583"/>
</kw>
<kw name="Get Element Count" library="SeleniumLibrary">
<var>${count_target}</var>
<arg>${string}</arg>
<doc>Returns the number of elements matching ``locator``.</doc>
<msg timestamp="20210508 03:47:20.590" level="INFO">${count_target} = 0</msg>
<status status="PASS" starttime="20210508 03:47:20.583" endtime="20210508 03:47:20.590"/>
</kw>
<kw name="Evaluate" library="BuiltIn">
<var>${result}</var>
<arg>"${count_target}" == "1"</arg>
<doc>Evaluates the given expression in Python and returns the result.</doc>
<msg timestamp="20210508 03:47:20.591" level="INFO">${result} = False</msg>
<status status="PASS" starttime="20210508 03:47:20.591" endtime="20210508 03:47:20.591"/>
</kw>
<kw name="Exit For Loop If" library="BuiltIn">
<arg>"${result}" == "True"</arg>
<doc>Stops executing the enclosing for loop if the ``condition`` is true.</doc>
<status status="PASS" starttime="20210508 03:47:20.591" endtime="20210508 03:47:20.591"/>
</kw>
<status status="PASS" starttime="20210508 03:47:20.581" endtime="20210508 03:47:20.591"/>
</iter>
<status status="PASS" starttime="20210508 03:47:20.079" endtime="20210508 03:47:20.591"/>
</for>
<kw name="Return From Keyword" library="BuiltIn">
<arg>${result}</arg>
<doc>Returns from the enclosing user keyword.</doc>
<msg timestamp="20210508 03:47:20.592" level="INFO">Returning from the enclosing user keyword.</msg>
<status status="PASS" starttime="20210508 03:47:20.592" endtime="20210508 03:47:20.592"/>
</kw>
<msg timestamp="20210508 03:47:20.592" level="INFO">${result} = False</msg>
<status status="PASS" starttime="20210508 03:47:20.076" endtime="20210508 03:47:20.592"/>
</kw>
<kw name="Should Not Be True" library="BuiltIn">
<arg>${result}</arg>
<doc>Fails if the given condition is true.</doc>
<status status="PASS" starttime="20210508 03:47:20.592" endtime="20210508 03:47:20.592"/>
</kw>
<status status="PASS" starttime="20210508 03:47:17.034" endtime="20210508 03:47:20.592"/>
</kw>
<kw name="Close Browser" library="SeleniumLibrary" type="TEARDOWN">
<doc>Closes the current browser.</doc>
<status status="PASS" starttime="20210508 03:47:20.593" endtime="20210508 03:47:22.691"/>
</kw>
<status status="PASS" starttime="20210508 03:46:53.930" endtime="20210508 03:47:22.691"/>
</test>
<status status="PASS" starttime="20210508 03:45:56.537" endtime="20210508 03:47:22.693"/>
</suite>
<statistics>
<total>
<stat pass="3" fail="0" skip="0">All Tests</stat>
</total>
<tag>
</tag>
<suite>
<stat pass="3" fail="0" skip="0" id="s1" name="TestRun">TestRun</stat>
</suite>
</statistics>
<errors>
</errors>
</robot>
